{"message":"starting servizio1","level":"info","service":"servizio1"}
{"message":"HTTPS server started at port 7100","level":"info","service":"servizio1"}
{"message":"HTTP server started at port 7000","level":"info","service":"servizio1"}
{"message":"service servizio1 started!","level":"info","service":"servizio1"}
{"message":"STARTED!!!","level":"info","service":"servizio1"}
{"message":"starting servizio1","level":"info","service":"servizio1"}
{"message":"HTTPS server started at port 7100","level":"info","service":"servizio1"}
{"message":"HTTP server started at port 7000","level":"info","service":"servizio1"}
{"message":"service servizio1 started!","level":"info","service":"servizio1"}
{"message":"STARTED!!!","level":"info","service":"servizio1"}
{"message":"errore: la richiesta dovrebbe contenere l'header 'Authorization: Bearer <accessToken>'","level":"error","service":"servizio1"}
{"message":"errore: la richiesta dovrebbe contenere l'header 'Authorization: Bearer <accessToken>'","level":"error","service":"servizio1"}
{"message":"starting servizio1","level":"info","service":"servizio1"}
{"message":"HTTPS server started at port 7100","level":"info","service":"servizio1"}
{"message":"HTTP server started at port 7000","level":"info","service":"servizio1"}
{"message":"service servizio1 started!","level":"info","service":"servizio1"}
{"message":"STARTED!!!","level":"info","service":"servizio1"}
{"message":"starting servizio1","level":"info","service":"servizio1"}
{"message":"HTTPS server started at port 7100","level":"info","service":"servizio1"}
{"message":"HTTP server started at port 7000","level":"info","service":"servizio1"}
{"message":"service servizio1 started!","level":"info","service":"servizio1"}
{"message":"STARTED!!!","level":"info","service":"servizio1"}
{"message":"starting servizio1","level":"info","service":"servizio1"}
{"message":"HTTPS server started at port 7100","level":"info","service":"servizio1"}
{"message":"HTTP server started at port 7000","level":"info","service":"servizio1"}
{"message":"service servizio1 started!","level":"info","service":"servizio1"}
{"message":"STARTED!!!","level":"info","service":"servizio1"}
{"message":"starting servizio1","level":"info","service":"servizio1"}
{"message":"HTTPS server started at port 7100","level":"info","service":"servizio1"}
{"message":"HTTP server started at port 7000","level":"info","service":"servizio1"}
{"message":"service servizio1 started!","level":"info","service":"servizio1"}
{"message":"STARTED!!!","level":"info","service":"servizio1"}
{"message":"starting servizio1","level":"info","service":"servizio1"}
{"message":"HTTPS server started at port 7101","level":"info","service":"servizio1"}
{"message":"HTTP server started at port 7001","level":"info","service":"servizio1"}
{"message":"service servizio1 started!","level":"info","service":"servizio1"}
{"message":"STARTED!!!","level":"info","service":"servizio1"}
{"message":"starting servizio1","level":"info","service":"servizio1"}
{"message":"HTTPS server started at port 7100","level":"info","service":"servizio1"}
{"message":"HTTP server started at port 7000","level":"info","service":"servizio1"}
{"message":"service servizio1 started!","level":"info","service":"servizio1"}
{"message":"STARTED!!!","level":"info","service":"servizio1"}
