2019-12-02 12:34:52,665 [Worker-0] INFO  c.g.t.t.d.PublishedGradleVersions - Gradle version information cache is up-to-date. Trying to read.
2019-12-05 11:01:21,989 [Worker-0] INFO  c.g.t.t.d.PublishedGradleVersions - Gradle version information cache is up-to-date. Trying to read.
2019-12-09 10:55:34,158 [Worker-0] INFO  c.g.t.t.d.PublishedGradleVersions - Gradle version information cache is up-to-date. Trying to read.
2019-12-09 10:58:07,622 [Worker-4] INFO  o.e.m.c.i.e.AbstractTransferListenerAdapter - Downloading http://repo.maven.apache.org/maven2/org/springframework/boot/spring-boot-starter-parent/2.0.5.RELEASE/spring-boot-starter-parent-2.0.5.RELEASE.pom
2019-12-09 10:58:07,942 [Worker-4] INFO  o.e.m.c.i.e.AbstractTransferListenerAdapter - Downloaded http://repo.maven.apache.org/maven2/org/springframework/boot/spring-boot-starter-parent/2.0.5.RELEASE/spring-boot-starter-parent-2.0.5.RELEASE.pom
2019-12-09 10:58:08,169 [Worker-4] INFO  o.e.m.c.i.e.AbstractTransferListenerAdapter - Downloading http://repo.maven.apache.org/maven2/org/springframework/boot/spring-boot-dependencies/2.0.5.RELEASE/spring-boot-dependencies-2.0.5.RELEASE.pom
2019-12-09 10:58:08,498 [Worker-4] INFO  o.e.m.c.i.e.AbstractTransferListenerAdapter - Downloaded http://repo.maven.apache.org/maven2/org/springframework/boot/spring-boot-dependencies/2.0.5.RELEASE/spring-boot-dependencies-2.0.5.RELEASE.pom
2019-12-09 10:58:08,715 [Worker-4] INFO  o.e.m.c.i.e.AbstractTransferListenerAdapter - Downloading http://repo.maven.apache.org/maven2/com/fasterxml/jackson/jackson-bom/2.9.6/jackson-bom-2.9.6.pom
2019-12-09 10:58:09,068 [Worker-4] INFO  o.e.m.c.i.e.AbstractTransferListenerAdapter - Downloaded http://repo.maven.apache.org/maven2/com/fasterxml/jackson/jackson-bom/2.9.6/jackson-bom-2.9.6.pom
2019-12-09 10:58:09,248 [Worker-4] INFO  o.e.m.c.i.e.AbstractTransferListenerAdapter - Downloading http://repo.maven.apache.org/maven2/com/fasterxml/jackson/jackson-parent/2.9.1.1/jackson-parent-2.9.1.1.pom
2019-12-09 10:58:09,558 [Worker-4] INFO  o.e.m.c.i.e.AbstractTransferListenerAdapter - Downloaded http://repo.maven.apache.org/maven2/com/fasterxml/jackson/jackson-parent/2.9.1.1/jackson-parent-2.9.1.1.pom
2019-12-09 10:58:09,718 [Worker-4] INFO  o.e.m.c.i.e.AbstractTransferListenerAdapter - Downloading http://repo.maven.apache.org/maven2/com/fasterxml/oss-parent/33/oss-parent-33.pom
2019-12-09 10:58:10,025 [Worker-4] INFO  o.e.m.c.i.e.AbstractTransferListenerAdapter - Downloaded http://repo.maven.apache.org/maven2/com/fasterxml/oss-parent/33/oss-parent-33.pom
2019-12-09 10:58:10,225 [Worker-4] INFO  o.e.m.c.i.e.AbstractTransferListenerAdapter - Downloading http://repo.maven.apache.org/maven2/io/netty/netty-bom/4.1.29.Final/netty-bom-4.1.29.Final.pom
2019-12-09 10:58:10,548 [Worker-4] INFO  o.e.m.c.i.e.AbstractTransferListenerAdapter - Downloaded http://repo.maven.apache.org/maven2/io/netty/netty-bom/4.1.29.Final/netty-bom-4.1.29.Final.pom
2019-12-09 10:58:10,738 [Worker-4] INFO  o.e.m.c.i.e.AbstractTransferListenerAdapter - Downloading http://repo.maven.apache.org/maven2/io/projectreactor/reactor-bom/Bismuth-SR11/reactor-bom-Bismuth-SR11.pom
2019-12-09 10:58:11,047 [Worker-4] INFO  o.e.m.c.i.e.AbstractTransferListenerAdapter - Downloaded http://repo.maven.apache.org/maven2/io/projectreactor/reactor-bom/Bismuth-SR11/reactor-bom-Bismuth-SR11.pom
2019-12-09 10:58:11,247 [Worker-4] INFO  o.e.m.c.i.e.AbstractTransferListenerAdapter - Downloading http://repo.maven.apache.org/maven2/org/eclipse/jetty/jetty-bom/9.4.12.v20180830/jetty-bom-9.4.12.v20180830.pom
2019-12-09 10:58:11,554 [Worker-4] INFO  o.e.m.c.i.e.AbstractTransferListenerAdapter - Downloaded http://repo.maven.apache.org/maven2/org/eclipse/jetty/jetty-bom/9.4.12.v20180830/jetty-bom-9.4.12.v20180830.pom
2019-12-09 10:58:11,714 [Worker-4] INFO  o.e.m.c.i.e.AbstractTransferListenerAdapter - Downloading http://repo.maven.apache.org/maven2/org/springframework/spring-framework-bom/5.0.9.RELEASE/spring-framework-bom-5.0.9.RELEASE.pom
2019-12-09 10:58:12,032 [Worker-4] INFO  o.e.m.c.i.e.AbstractTransferListenerAdapter - Downloaded http://repo.maven.apache.org/maven2/org/springframework/spring-framework-bom/5.0.9.RELEASE/spring-framework-bom-5.0.9.RELEASE.pom
2019-12-09 10:58:12,207 [Worker-4] INFO  o.e.m.c.i.e.AbstractTransferListenerAdapter - Downloading http://repo.maven.apache.org/maven2/org/springframework/data/spring-data-releasetrain/Kay-SR10/spring-data-releasetrain-Kay-SR10.pom
2019-12-09 10:58:12,539 [Worker-4] INFO  o.e.m.c.i.e.AbstractTransferListenerAdapter - Downloaded http://repo.maven.apache.org/maven2/org/springframework/data/spring-data-releasetrain/Kay-SR10/spring-data-releasetrain-Kay-SR10.pom
2019-12-09 10:58:12,694 [Worker-4] INFO  o.e.m.c.i.e.AbstractTransferListenerAdapter - Downloading http://repo.maven.apache.org/maven2/org/springframework/data/build/spring-data-build/2.0.10.RELEASE/spring-data-build-2.0.10.RELEASE.pom
2019-12-09 10:58:13,023 [Worker-4] INFO  o.e.m.c.i.e.AbstractTransferListenerAdapter - Downloaded http://repo.maven.apache.org/maven2/org/springframework/data/build/spring-data-build/2.0.10.RELEASE/spring-data-build-2.0.10.RELEASE.pom
2019-12-09 10:58:13,183 [Worker-4] INFO  o.e.m.c.i.e.AbstractTransferListenerAdapter - Downloading http://repo.maven.apache.org/maven2/org/springframework/integration/spring-integration-bom/5.0.8.RELEASE/spring-integration-bom-5.0.8.RELEASE.pom
2019-12-09 10:58:13,499 [Worker-4] INFO  o.e.m.c.i.e.AbstractTransferListenerAdapter - Downloaded http://repo.maven.apache.org/maven2/org/springframework/integration/spring-integration-bom/5.0.8.RELEASE/spring-integration-bom-5.0.8.RELEASE.pom
2019-12-09 10:58:13,661 [Worker-4] INFO  o.e.m.c.i.e.AbstractTransferListenerAdapter - Downloading http://repo.maven.apache.org/maven2/org/springframework/security/spring-security-bom/5.0.8.RELEASE/spring-security-bom-5.0.8.RELEASE.pom
2019-12-09 10:58:13,970 [Worker-4] INFO  o.e.m.c.i.e.AbstractTransferListenerAdapter - Downloaded http://repo.maven.apache.org/maven2/org/springframework/security/spring-security-bom/5.0.8.RELEASE/spring-security-bom-5.0.8.RELEASE.pom
2019-12-09 10:58:14,131 [Worker-4] INFO  o.e.m.c.i.e.AbstractTransferListenerAdapter - Downloading http://repo.maven.apache.org/maven2/org/springframework/session/spring-session-bom/Apple-SR5/spring-session-bom-Apple-SR5.pom
2019-12-09 10:58:14,441 [Worker-4] INFO  o.e.m.c.i.e.AbstractTransferListenerAdapter - Downloaded http://repo.maven.apache.org/maven2/org/springframework/session/spring-session-bom/Apple-SR5/spring-session-bom-Apple-SR5.pom
2019-12-09 10:58:14,787 [Worker-4] INFO  o.e.m.c.i.e.AbstractTransferListenerAdapter - Downloading http://repo.maven.apache.org/maven2/org/springframework/boot/spring-boot-maven-plugin/2.0.5.RELEASE/spring-boot-maven-plugin-2.0.5.RELEASE.pom
2019-12-09 10:58:15,092 [Worker-4] INFO  o.e.m.c.i.e.AbstractTransferListenerAdapter - Downloaded http://repo.maven.apache.org/maven2/org/springframework/boot/spring-boot-maven-plugin/2.0.5.RELEASE/spring-boot-maven-plugin-2.0.5.RELEASE.pom
2019-12-09 10:58:15,252 [Worker-4] INFO  o.e.m.c.i.e.AbstractTransferListenerAdapter - Downloading http://repo.maven.apache.org/maven2/org/springframework/boot/spring-boot-tools/2.0.5.RELEASE/spring-boot-tools-2.0.5.RELEASE.pom
2019-12-09 10:58:15,571 [Worker-4] INFO  o.e.m.c.i.e.AbstractTransferListenerAdapter - Downloaded http://repo.maven.apache.org/maven2/org/springframework/boot/spring-boot-tools/2.0.5.RELEASE/spring-boot-tools-2.0.5.RELEASE.pom
2019-12-09 10:58:15,730 [Worker-4] INFO  o.e.m.c.i.e.AbstractTransferListenerAdapter - Downloading http://repo.maven.apache.org/maven2/org/springframework/boot/spring-boot-parent/2.0.5.RELEASE/spring-boot-parent-2.0.5.RELEASE.pom
2019-12-09 10:58:16,040 [Worker-4] INFO  o.e.m.c.i.e.AbstractTransferListenerAdapter - Downloaded http://repo.maven.apache.org/maven2/org/springframework/boot/spring-boot-parent/2.0.5.RELEASE/spring-boot-parent-2.0.5.RELEASE.pom
2019-12-09 10:58:16,314 [Worker-4] INFO  o.e.m.c.i.e.AbstractTransferListenerAdapter - Downloading http://repo.maven.apache.org/maven2/org/springframework/boot/spring-boot-maven-plugin/2.0.5.RELEASE/spring-boot-maven-plugin-2.0.5.RELEASE.jar
2019-12-09 10:58:16,721 [Worker-4] INFO  o.e.m.c.i.e.AbstractTransferListenerAdapter - Downloaded http://repo.maven.apache.org/maven2/org/springframework/boot/spring-boot-maven-plugin/2.0.5.RELEASE/spring-boot-maven-plugin-2.0.5.RELEASE.jar
2019-12-09 10:58:20,384 [Worker-4] INFO  o.e.m.c.i.l.LifecycleMappingFactory - Using org.eclipse.m2e.jdt.JarLifecycleMapping lifecycle mapping for MavenProject: net.guides.springboot2:springboot2-jpa-swagger2:0.0.1-SNAPSHOT @ C:\Workspace\eng-docs\eng-java-service\pom.xml.
2019-12-09 10:58:20,554 [Worker-4] INFO  o.e.m.c.i.e.AbstractTransferListenerAdapter - Downloading http://repo.maven.apache.org/maven2/org/springframework/boot/spring-boot-starter-web/2.0.5.RELEASE/spring-boot-starter-web-2.0.5.RELEASE.pom
2019-12-09 10:58:20,859 [Worker-4] INFO  o.e.m.c.i.e.AbstractTransferListenerAdapter - Downloaded http://repo.maven.apache.org/maven2/org/springframework/boot/spring-boot-starter-web/2.0.5.RELEASE/spring-boot-starter-web-2.0.5.RELEASE.pom
2019-12-09 10:58:21,019 [Worker-4] INFO  o.e.m.c.i.e.AbstractTransferListenerAdapter - Downloading http://repo.maven.apache.org/maven2/org/springframework/boot/spring-boot-starters/2.0.5.RELEASE/spring-boot-starters-2.0.5.RELEASE.pom
2019-12-09 10:58:21,335 [Worker-4] INFO  o.e.m.c.i.e.AbstractTransferListenerAdapter - Downloaded http://repo.maven.apache.org/maven2/org/springframework/boot/spring-boot-starters/2.0.5.RELEASE/spring-boot-starters-2.0.5.RELEASE.pom
2019-12-09 10:58:21,538 [Worker-4] INFO  o.e.m.c.i.e.AbstractTransferListenerAdapter - Downloading http://repo.maven.apache.org/maven2/org/springframework/boot/spring-boot-starter/2.0.5.RELEASE/spring-boot-starter-2.0.5.RELEASE.pom
2019-12-09 10:58:21,847 [Worker-4] INFO  o.e.m.c.i.e.AbstractTransferListenerAdapter - Downloaded http://repo.maven.apache.org/maven2/org/springframework/boot/spring-boot-starter/2.0.5.RELEASE/spring-boot-starter-2.0.5.RELEASE.pom
2019-12-09 10:58:22,033 [Worker-4] INFO  o.e.m.c.i.e.AbstractTransferListenerAdapter - Downloading http://repo.maven.apache.org/maven2/org/springframework/boot/spring-boot/2.0.5.RELEASE/spring-boot-2.0.5.RELEASE.pom
2019-12-09 10:58:22,347 [Worker-4] INFO  o.e.m.c.i.e.AbstractTransferListenerAdapter - Downloaded http://repo.maven.apache.org/maven2/org/springframework/boot/spring-boot/2.0.5.RELEASE/spring-boot-2.0.5.RELEASE.pom
2019-12-09 10:58:22,516 [Worker-4] INFO  o.e.m.c.i.e.AbstractTransferListenerAdapter - Downloading http://repo.maven.apache.org/maven2/org/springframework/spring-core/5.0.9.RELEASE/spring-core-5.0.9.RELEASE.pom
2019-12-09 10:58:22,916 [Worker-4] INFO  o.e.m.c.i.e.AbstractTransferListenerAdapter - Downloaded http://repo.maven.apache.org/maven2/org/springframework/spring-core/5.0.9.RELEASE/spring-core-5.0.9.RELEASE.pom
2019-12-09 10:58:23,076 [Worker-4] INFO  o.e.m.c.i.e.AbstractTransferListenerAdapter - Downloading http://repo.maven.apache.org/maven2/org/springframework/spring-jcl/5.0.9.RELEASE/spring-jcl-5.0.9.RELEASE.pom
2019-12-09 10:58:23,390 [Worker-4] INFO  o.e.m.c.i.e.AbstractTransferListenerAdapter - Downloaded http://repo.maven.apache.org/maven2/org/springframework/spring-jcl/5.0.9.RELEASE/spring-jcl-5.0.9.RELEASE.pom
2019-12-09 10:58:23,552 [Worker-4] INFO  o.e.m.c.i.e.AbstractTransferListenerAdapter - Downloading http://repo.maven.apache.org/maven2/org/springframework/spring-context/5.0.9.RELEASE/spring-context-5.0.9.RELEASE.pom
2019-12-09 10:58:23,880 [Worker-4] INFO  o.e.m.c.i.e.AbstractTransferListenerAdapter - Downloaded http://repo.maven.apache.org/maven2/org/springframework/spring-context/5.0.9.RELEASE/spring-context-5.0.9.RELEASE.pom
2019-12-09 10:58:24,039 [Worker-4] INFO  o.e.m.c.i.e.AbstractTransferListenerAdapter - Downloading http://repo.maven.apache.org/maven2/org/springframework/spring-aop/5.0.9.RELEASE/spring-aop-5.0.9.RELEASE.pom
2019-12-09 10:58:24,348 [Worker-4] INFO  o.e.m.c.i.e.AbstractTransferListenerAdapter - Downloaded http://repo.maven.apache.org/maven2/org/springframework/spring-aop/5.0.9.RELEASE/spring-aop-5.0.9.RELEASE.pom
2019-12-09 10:58:24,508 [Worker-4] INFO  o.e.m.c.i.e.AbstractTransferListenerAdapter - Downloading http://repo.maven.apache.org/maven2/org/springframework/spring-beans/5.0.9.RELEASE/spring-beans-5.0.9.RELEASE.pom
2019-12-09 10:58:24,819 [Worker-4] INFO  o.e.m.c.i.e.AbstractTransferListenerAdapter - Downloaded http://repo.maven.apache.org/maven2/org/springframework/spring-beans/5.0.9.RELEASE/spring-beans-5.0.9.RELEASE.pom
2019-12-09 10:58:24,986 [Worker-4] INFO  o.e.m.c.i.e.AbstractTransferListenerAdapter - Downloading http://repo.maven.apache.org/maven2/org/springframework/spring-expression/5.0.9.RELEASE/spring-expression-5.0.9.RELEASE.pom
2019-12-09 10:58:25,294 [Worker-4] INFO  o.e.m.c.i.e.AbstractTransferListenerAdapter - Downloaded http://repo.maven.apache.org/maven2/org/springframework/spring-expression/5.0.9.RELEASE/spring-expression-5.0.9.RELEASE.pom
2019-12-09 10:58:25,460 [Worker-4] INFO  o.e.m.c.i.e.AbstractTransferListenerAdapter - Downloading http://repo.maven.apache.org/maven2/org/springframework/boot/spring-boot-autoconfigure/2.0.5.RELEASE/spring-boot-autoconfigure-2.0.5.RELEASE.pom
2019-12-09 10:58:25,770 [Worker-4] INFO  o.e.m.c.i.e.AbstractTransferListenerAdapter - Downloaded http://repo.maven.apache.org/maven2/org/springframework/boot/spring-boot-autoconfigure/2.0.5.RELEASE/spring-boot-autoconfigure-2.0.5.RELEASE.pom
2019-12-09 10:58:25,968 [Worker-4] INFO  o.e.m.c.i.e.AbstractTransferListenerAdapter - Downloading http://repo.maven.apache.org/maven2/org/springframework/boot/spring-boot-starter-logging/2.0.5.RELEASE/spring-boot-starter-logging-2.0.5.RELEASE.pom
2019-12-09 10:58:26,298 [Worker-4] INFO  o.e.m.c.i.e.AbstractTransferListenerAdapter - Downloaded http://repo.maven.apache.org/maven2/org/springframework/boot/spring-boot-starter-logging/2.0.5.RELEASE/spring-boot-starter-logging-2.0.5.RELEASE.pom
2019-12-09 10:58:26,651 [Worker-4] INFO  o.e.m.c.i.e.AbstractTransferListenerAdapter - Downloading http://repo.maven.apache.org/maven2/org/springframework/boot/spring-boot-starter-json/2.0.5.RELEASE/spring-boot-starter-json-2.0.5.RELEASE.pom
2019-12-09 10:58:27,051 [Worker-4] INFO  o.e.m.c.i.e.AbstractTransferListenerAdapter - Downloaded http://repo.maven.apache.org/maven2/org/springframework/boot/spring-boot-starter-json/2.0.5.RELEASE/spring-boot-starter-json-2.0.5.RELEASE.pom
2019-12-09 10:58:27,219 [Worker-4] INFO  o.e.m.c.i.e.AbstractTransferListenerAdapter - Downloading http://repo.maven.apache.org/maven2/org/springframework/spring-web/5.0.9.RELEASE/spring-web-5.0.9.RELEASE.pom
2019-12-09 10:58:27,560 [Worker-4] INFO  o.e.m.c.i.e.AbstractTransferListenerAdapter - Downloaded http://repo.maven.apache.org/maven2/org/springframework/spring-web/5.0.9.RELEASE/spring-web-5.0.9.RELEASE.pom
2019-12-09 10:58:27,720 [Worker-4] INFO  o.e.m.c.i.e.AbstractTransferListenerAdapter - Downloading http://repo.maven.apache.org/maven2/com/fasterxml/jackson/core/jackson-databind/2.9.6/jackson-databind-2.9.6.pom
2019-12-09 10:58:28,110 [Worker-4] INFO  o.e.m.c.i.e.AbstractTransferListenerAdapter - Downloaded http://repo.maven.apache.org/maven2/com/fasterxml/jackson/core/jackson-databind/2.9.6/jackson-databind-2.9.6.pom
2019-12-09 10:58:28,273 [Worker-4] INFO  o.e.m.c.i.e.AbstractTransferListenerAdapter - Downloading http://repo.maven.apache.org/maven2/com/fasterxml/jackson/jackson-base/2.9.6/jackson-base-2.9.6.pom
2019-12-09 10:58:28,587 [Worker-4] INFO  o.e.m.c.i.e.AbstractTransferListenerAdapter - Downloaded http://repo.maven.apache.org/maven2/com/fasterxml/jackson/jackson-base/2.9.6/jackson-base-2.9.6.pom
2019-12-09 10:58:28,800 [Worker-4] INFO  o.e.m.c.i.e.AbstractTransferListenerAdapter - Downloading http://repo.maven.apache.org/maven2/com/fasterxml/jackson/core/jackson-core/2.9.6/jackson-core-2.9.6.pom
2019-12-09 10:58:29,114 [Worker-4] INFO  o.e.m.c.i.e.AbstractTransferListenerAdapter - Downloaded http://repo.maven.apache.org/maven2/com/fasterxml/jackson/core/jackson-core/2.9.6/jackson-core-2.9.6.pom
2019-12-09 10:58:29,275 [Worker-4] INFO  o.e.m.c.i.e.AbstractTransferListenerAdapter - Downloading http://repo.maven.apache.org/maven2/com/fasterxml/jackson/datatype/jackson-datatype-jdk8/2.9.6/jackson-datatype-jdk8-2.9.6.pom
2019-12-09 10:58:29,676 [Worker-4] INFO  o.e.m.c.i.e.AbstractTransferListenerAdapter - Downloaded http://repo.maven.apache.org/maven2/com/fasterxml/jackson/datatype/jackson-datatype-jdk8/2.9.6/jackson-datatype-jdk8-2.9.6.pom
2019-12-09 10:58:29,836 [Worker-4] INFO  o.e.m.c.i.e.AbstractTransferListenerAdapter - Downloading http://repo.maven.apache.org/maven2/com/fasterxml/jackson/module/jackson-modules-java8/2.9.6/jackson-modules-java8-2.9.6.pom
2019-12-09 10:58:30,238 [Worker-4] INFO  o.e.m.c.i.e.AbstractTransferListenerAdapter - Downloaded http://repo.maven.apache.org/maven2/com/fasterxml/jackson/module/jackson-modules-java8/2.9.6/jackson-modules-java8-2.9.6.pom
2019-12-09 10:58:30,400 [Worker-4] INFO  o.e.m.c.i.e.AbstractTransferListenerAdapter - Downloading http://repo.maven.apache.org/maven2/com/fasterxml/jackson/datatype/jackson-datatype-jsr310/2.9.6/jackson-datatype-jsr310-2.9.6.pom
2019-12-09 10:58:30,713 [Worker-4] INFO  o.e.m.c.i.e.AbstractTransferListenerAdapter - Downloaded http://repo.maven.apache.org/maven2/com/fasterxml/jackson/datatype/jackson-datatype-jsr310/2.9.6/jackson-datatype-jsr310-2.9.6.pom
2019-12-09 10:58:30,883 [Worker-4] INFO  o.e.m.c.i.e.AbstractTransferListenerAdapter - Downloading http://repo.maven.apache.org/maven2/com/fasterxml/jackson/module/jackson-module-parameter-names/2.9.6/jackson-module-parameter-names-2.9.6.pom
2019-12-09 10:58:31,193 [Worker-4] INFO  o.e.m.c.i.e.AbstractTransferListenerAdapter - Downloaded http://repo.maven.apache.org/maven2/com/fasterxml/jackson/module/jackson-module-parameter-names/2.9.6/jackson-module-parameter-names-2.9.6.pom
2019-12-09 10:58:31,363 [Worker-4] INFO  o.e.m.c.i.e.AbstractTransferListenerAdapter - Downloading http://repo.maven.apache.org/maven2/org/springframework/boot/spring-boot-starter-tomcat/2.0.5.RELEASE/spring-boot-starter-tomcat-2.0.5.RELEASE.pom
2019-12-09 10:58:31,675 [Worker-4] INFO  o.e.m.c.i.e.AbstractTransferListenerAdapter - Downloaded http://repo.maven.apache.org/maven2/org/springframework/boot/spring-boot-starter-tomcat/2.0.5.RELEASE/spring-boot-starter-tomcat-2.0.5.RELEASE.pom
2019-12-09 10:58:31,845 [Worker-4] INFO  o.e.m.c.i.e.AbstractTransferListenerAdapter - Downloading http://repo.maven.apache.org/maven2/org/apache/tomcat/embed/tomcat-embed-core/8.5.34/tomcat-embed-core-8.5.34.pom
2019-12-09 10:58:32,273 [Worker-4] INFO  o.e.m.c.i.e.AbstractTransferListenerAdapter - Downloaded http://repo.maven.apache.org/maven2/org/apache/tomcat/embed/tomcat-embed-core/8.5.34/tomcat-embed-core-8.5.34.pom
2019-12-09 10:58:32,447 [Worker-4] INFO  o.e.m.c.i.e.AbstractTransferListenerAdapter - Downloading http://repo.maven.apache.org/maven2/org/apache/tomcat/embed/tomcat-embed-el/8.5.34/tomcat-embed-el-8.5.34.pom
2019-12-09 10:58:32,760 [Worker-4] INFO  o.e.m.c.i.e.AbstractTransferListenerAdapter - Downloaded http://repo.maven.apache.org/maven2/org/apache/tomcat/embed/tomcat-embed-el/8.5.34/tomcat-embed-el-8.5.34.pom
2019-12-09 10:58:32,924 [Worker-4] INFO  o.e.m.c.i.e.AbstractTransferListenerAdapter - Downloading http://repo.maven.apache.org/maven2/org/apache/tomcat/embed/tomcat-embed-websocket/8.5.34/tomcat-embed-websocket-8.5.34.pom
2019-12-09 10:58:33,237 [Worker-4] INFO  o.e.m.c.i.e.AbstractTransferListenerAdapter - Downloaded http://repo.maven.apache.org/maven2/org/apache/tomcat/embed/tomcat-embed-websocket/8.5.34/tomcat-embed-websocket-8.5.34.pom
2019-12-09 10:58:33,403 [Worker-4] INFO  o.e.m.c.i.e.AbstractTransferListenerAdapter - Downloading http://repo.maven.apache.org/maven2/org/apache/tomcat/tomcat-annotations-api/8.5.34/tomcat-annotations-api-8.5.34.pom
2019-12-09 10:58:33,743 [Worker-4] INFO  o.e.m.c.i.e.AbstractTransferListenerAdapter - Downloaded http://repo.maven.apache.org/maven2/org/apache/tomcat/tomcat-annotations-api/8.5.34/tomcat-annotations-api-8.5.34.pom
2019-12-09 10:58:33,907 [Worker-4] INFO  o.e.m.c.i.e.AbstractTransferListenerAdapter - Downloading http://repo.maven.apache.org/maven2/org/hibernate/validator/hibernate-validator/6.0.12.Final/hibernate-validator-6.0.12.Final.pom
2019-12-09 10:58:34,255 [Worker-4] INFO  o.e.m.c.i.e.AbstractTransferListenerAdapter - Downloaded http://repo.maven.apache.org/maven2/org/hibernate/validator/hibernate-validator/6.0.12.Final/hibernate-validator-6.0.12.Final.pom
2019-12-09 10:58:34,441 [Worker-4] INFO  o.e.m.c.i.e.AbstractTransferListenerAdapter - Downloading http://repo.maven.apache.org/maven2/org/hibernate/validator/hibernate-validator-parent/6.0.12.Final/hibernate-validator-parent-6.0.12.Final.pom
2019-12-09 10:58:34,780 [Worker-4] INFO  o.e.m.c.i.e.AbstractTransferListenerAdapter - Downloaded http://repo.maven.apache.org/maven2/org/hibernate/validator/hibernate-validator-parent/6.0.12.Final/hibernate-validator-parent-6.0.12.Final.pom
2019-12-09 10:58:35,020 [Worker-4] INFO  o.e.m.c.i.e.AbstractTransferListenerAdapter - Downloading http://repo.maven.apache.org/maven2/com/fasterxml/classmate/1.3.4/classmate-1.3.4.pom
2019-12-09 10:58:35,330 [Worker-4] INFO  o.e.m.c.i.e.AbstractTransferListenerAdapter - Downloaded http://repo.maven.apache.org/maven2/com/fasterxml/classmate/1.3.4/classmate-1.3.4.pom
2019-12-09 10:58:35,520 [Worker-4] INFO  o.e.m.c.i.e.AbstractTransferListenerAdapter - Downloading http://repo.maven.apache.org/maven2/org/springframework/spring-webmvc/5.0.9.RELEASE/spring-webmvc-5.0.9.RELEASE.pom
2019-12-09 10:58:35,827 [Worker-4] INFO  o.e.m.c.i.e.AbstractTransferListenerAdapter - Downloaded http://repo.maven.apache.org/maven2/org/springframework/spring-webmvc/5.0.9.RELEASE/spring-webmvc-5.0.9.RELEASE.pom
2019-12-09 10:58:35,987 [Worker-4] INFO  o.e.m.c.i.e.AbstractTransferListenerAdapter - Downloading http://repo.maven.apache.org/maven2/org/springframework/boot/spring-boot-starter-test/2.0.5.RELEASE/spring-boot-starter-test-2.0.5.RELEASE.pom
2019-12-09 10:58:36,297 [Worker-4] INFO  o.e.m.c.i.e.AbstractTransferListenerAdapter - Downloaded http://repo.maven.apache.org/maven2/org/springframework/boot/spring-boot-starter-test/2.0.5.RELEASE/spring-boot-starter-test-2.0.5.RELEASE.pom
2019-12-09 10:58:36,473 [Worker-4] INFO  o.e.m.c.i.e.AbstractTransferListenerAdapter - Downloading http://repo.maven.apache.org/maven2/org/springframework/boot/spring-boot-test/2.0.5.RELEASE/spring-boot-test-2.0.5.RELEASE.pom
2019-12-09 10:58:36,881 [Worker-4] INFO  o.e.m.c.i.e.AbstractTransferListenerAdapter - Downloaded http://repo.maven.apache.org/maven2/org/springframework/boot/spring-boot-test/2.0.5.RELEASE/spring-boot-test-2.0.5.RELEASE.pom
2019-12-09 10:58:37,048 [Worker-4] INFO  o.e.m.c.i.e.AbstractTransferListenerAdapter - Downloading http://repo.maven.apache.org/maven2/org/springframework/boot/spring-boot-test-autoconfigure/2.0.5.RELEASE/spring-boot-test-autoconfigure-2.0.5.RELEASE.pom
2019-12-09 10:58:37,360 [Worker-4] INFO  o.e.m.c.i.e.AbstractTransferListenerAdapter - Downloaded http://repo.maven.apache.org/maven2/org/springframework/boot/spring-boot-test-autoconfigure/2.0.5.RELEASE/spring-boot-test-autoconfigure-2.0.5.RELEASE.pom
2019-12-09 10:58:37,527 [Worker-4] INFO  o.e.m.c.i.e.AbstractTransferListenerAdapter - Downloading http://repo.maven.apache.org/maven2/com/jayway/jsonpath/json-path/2.4.0/json-path-2.4.0.pom
2019-12-09 10:58:37,836 [Worker-4] INFO  o.e.m.c.i.e.AbstractTransferListenerAdapter - Downloaded http://repo.maven.apache.org/maven2/com/jayway/jsonpath/json-path/2.4.0/json-path-2.4.0.pom
2019-12-09 10:58:38,198 [Worker-4] INFO  o.e.m.c.i.e.AbstractTransferListenerAdapter - Downloading http://repo.maven.apache.org/maven2/org/springframework/spring-test/5.0.9.RELEASE/spring-test-5.0.9.RELEASE.pom
2019-12-09 10:58:38,504 [Worker-4] INFO  o.e.m.c.i.e.AbstractTransferListenerAdapter - Downloaded http://repo.maven.apache.org/maven2/org/springframework/spring-test/5.0.9.RELEASE/spring-test-5.0.9.RELEASE.pom
2019-12-09 10:58:38,940 [Worker-4] INFO  o.e.m.c.i.e.AbstractTransferListenerAdapter - Downloading http://repo.maven.apache.org/maven2/io/springfox/springfox-bean-validators/2.8.0/springfox-bean-validators-2.8.0.pom
2019-12-09 10:58:39,254 [Worker-4] INFO  o.e.m.c.i.e.AbstractTransferListenerAdapter - Downloaded http://repo.maven.apache.org/maven2/io/springfox/springfox-bean-validators/2.8.0/springfox-bean-validators-2.8.0.pom
2019-12-09 10:58:39,414 [Worker-4] INFO  o.e.m.c.i.e.AbstractTransferListenerAdapter - Downloading http://repo.maven.apache.org/maven2/javax/xml/jaxb-api/2.1/jaxb-api-2.1.pom
2019-12-09 10:58:39,727 [Worker-4] INFO  o.e.m.c.i.e.AbstractTransferListenerAdapter - Downloaded http://repo.maven.apache.org/maven2/javax/xml/jaxb-api/2.1/jaxb-api-2.1.pom
2019-12-09 10:58:39,733 [Worker-4] WARN  o.e.m.c.i.embedder.EclipseLogger - The POM for javax.xml.bind:jaxb-api:jar:2.1 is invalid, transitive dependencies (if any) will not be available, enable debug logging for more details
2019-12-09 10:58:39,743 [Worker-4] WARN  o.e.m.c.i.embedder.EclipseLogger - The POM for javax.xml.bind:jaxb-api:jar:2.1 is invalid, transitive dependencies (if any) will not be available, enable debug logging for more details
2019-12-09 10:58:39,898 [Worker-4] INFO  o.e.m.c.i.e.AbstractTransferListenerAdapter - Downloading http://repo.maven.apache.org/maven2/org/bitbucket/b_c/jose4j/0.6.4/jose4j-0.6.4.pom
2019-12-09 10:58:40,209 [Worker-4] INFO  o.e.m.c.i.e.AbstractTransferListenerAdapter - Downloaded http://repo.maven.apache.org/maven2/org/bitbucket/b_c/jose4j/0.6.4/jose4j-0.6.4.pom
2019-12-09 10:58:40,370 [Worker-4] INFO  o.e.m.c.i.e.AbstractTransferListenerAdapter - Downloading http://repo.maven.apache.org/maven2/org/cache2k/cache2k-base-bom/1.2.3.Final/cache2k-base-bom-1.2.3.Final.pom
2019-12-09 10:58:40,683 [Worker-4] INFO  o.e.m.c.i.e.AbstractTransferListenerAdapter - Downloaded http://repo.maven.apache.org/maven2/org/cache2k/cache2k-base-bom/1.2.3.Final/cache2k-base-bom-1.2.3.Final.pom
2019-12-09 10:58:40,840 [Worker-4] INFO  o.e.m.c.i.e.AbstractTransferListenerAdapter - Downloading http://repo.maven.apache.org/maven2/org/cache2k/cache2k-parent/1.2.3.Final/cache2k-parent-1.2.3.Final.pom
2019-12-09 10:58:41,166 [Worker-4] INFO  o.e.m.c.i.e.AbstractTransferListenerAdapter - Downloaded http://repo.maven.apache.org/maven2/org/cache2k/cache2k-parent/1.2.3.Final/cache2k-parent-1.2.3.Final.pom
2019-12-09 10:58:41,329 [Worker-4] INFO  o.e.m.c.i.e.AbstractTransferListenerAdapter - Downloading http://repo.maven.apache.org/maven2/org/cache2k/cache2k-api/1.2.3.Final/cache2k-api-1.2.3.Final.pom
2019-12-09 10:58:41,640 [Worker-4] INFO  o.e.m.c.i.e.AbstractTransferListenerAdapter - Downloaded http://repo.maven.apache.org/maven2/org/cache2k/cache2k-api/1.2.3.Final/cache2k-api-1.2.3.Final.pom
2019-12-09 10:58:41,805 [Worker-4] INFO  o.e.m.c.i.e.AbstractTransferListenerAdapter - Downloading http://repo.maven.apache.org/maven2/org/cache2k/cache2k-core/1.2.3.Final/cache2k-core-1.2.3.Final.pom
2019-12-09 10:58:42,114 [Worker-4] INFO  o.e.m.c.i.e.AbstractTransferListenerAdapter - Downloaded http://repo.maven.apache.org/maven2/org/cache2k/cache2k-core/1.2.3.Final/cache2k-core-1.2.3.Final.pom
2019-12-09 10:58:42,273 [Worker-4] INFO  o.e.m.c.i.e.AbstractTransferListenerAdapter - Downloading http://repo.maven.apache.org/maven2/org/apache/httpcomponents/httpclient/4.3.4/httpclient-4.3.4.pom
2019-12-09 10:58:42,584 [Worker-4] INFO  o.e.m.c.i.e.AbstractTransferListenerAdapter - Downloaded http://repo.maven.apache.org/maven2/org/apache/httpcomponents/httpclient/4.3.4/httpclient-4.3.4.pom
2019-12-09 10:58:42,745 [Worker-4] INFO  o.e.m.c.i.e.AbstractTransferListenerAdapter - Downloading http://repo.maven.apache.org/maven2/org/apache/httpcomponents/httpcomponents-client/4.3.4/httpcomponents-client-4.3.4.pom
2019-12-09 10:58:43,051 [Worker-4] INFO  o.e.m.c.i.e.AbstractTransferListenerAdapter - Downloaded http://repo.maven.apache.org/maven2/org/apache/httpcomponents/httpcomponents-client/4.3.4/httpcomponents-client-4.3.4.pom
2019-12-09 10:58:43,247 [Worker-4] INFO  o.e.m.c.i.e.AbstractTransferListenerAdapter - Downloading http://repo.maven.apache.org/maven2/org/apache/httpcomponents/httpcore/4.4.10/httpcore-4.4.10.pom
2019-12-09 10:58:43,551 [Worker-4] INFO  o.e.m.c.i.e.AbstractTransferListenerAdapter - Downloaded http://repo.maven.apache.org/maven2/org/apache/httpcomponents/httpcore/4.4.10/httpcore-4.4.10.pom
2019-12-09 10:58:43,711 [Worker-4] INFO  o.e.m.c.i.e.AbstractTransferListenerAdapter - Downloading http://repo.maven.apache.org/maven2/org/apache/httpcomponents/httpcomponents-core/4.4.10/httpcomponents-core-4.4.10.pom
2019-12-09 10:58:44,028 [Worker-4] INFO  o.e.m.c.i.e.AbstractTransferListenerAdapter - Downloaded http://repo.maven.apache.org/maven2/org/apache/httpcomponents/httpcomponents-core/4.4.10/httpcomponents-core-4.4.10.pom
2019-12-09 10:58:44,229 [Worker-4] INFO  o.e.m.c.i.e.AbstractTransferListenerAdapter - Downloading http://repo.maven.apache.org/maven2/org/json/json/20190722/json-20190722.pom
2019-12-09 10:58:44,545 [Worker-4] INFO  o.e.m.c.i.e.AbstractTransferListenerAdapter - Downloaded http://repo.maven.apache.org/maven2/org/json/json/20190722/json-20190722.pom
2019-12-09 10:58:44,562 [Worker-4] WARN  o.e.m.c.i.embedder.EclipseLogger - The artifact javax.xml:jaxb-api:jar:2.1 has been relocated to javax.xml.bind:jaxb-api:jar:2.1
2019-12-09 10:58:44,854 [Worker-4] INFO  o.e.m.c.i.e.AbstractTransferListenerAdapter - Downloading http://repo.maven.apache.org/maven2/org/springframework/boot/spring-boot-starter-web/2.0.5.RELEASE/spring-boot-starter-web-2.0.5.RELEASE.jar
2019-12-09 10:58:45,166 [Worker-4] INFO  o.e.m.c.i.e.AbstractTransferListenerAdapter - Downloaded http://repo.maven.apache.org/maven2/org/springframework/boot/spring-boot-starter-web/2.0.5.RELEASE/spring-boot-starter-web-2.0.5.RELEASE.jar
2019-12-09 10:58:45,319 [Worker-4] INFO  o.e.m.c.i.e.AbstractTransferListenerAdapter - Downloading http://repo.maven.apache.org/maven2/org/springframework/boot/spring-boot-starter/2.0.5.RELEASE/spring-boot-starter-2.0.5.RELEASE.jar
2019-12-09 10:58:45,642 [Worker-4] INFO  o.e.m.c.i.e.AbstractTransferListenerAdapter - Downloaded http://repo.maven.apache.org/maven2/org/springframework/boot/spring-boot-starter/2.0.5.RELEASE/spring-boot-starter-2.0.5.RELEASE.jar
2019-12-09 10:58:46,064 [Worker-4] INFO  o.e.m.c.i.e.AbstractTransferListenerAdapter - Downloading http://repo.maven.apache.org/maven2/org/springframework/boot/spring-boot/2.0.5.RELEASE/spring-boot-2.0.5.RELEASE.jar
2019-12-09 10:58:46,479 [Worker-4] INFO  o.e.m.c.i.e.AbstractTransferListenerAdapter - Downloaded http://repo.maven.apache.org/maven2/org/springframework/boot/spring-boot/2.0.5.RELEASE/spring-boot-2.0.5.RELEASE.jar
2019-12-09 10:58:46,991 [Worker-4] INFO  o.e.m.c.i.e.AbstractTransferListenerAdapter - Downloading http://repo.maven.apache.org/maven2/org/springframework/boot/spring-boot-autoconfigure/2.0.5.RELEASE/spring-boot-autoconfigure-2.0.5.RELEASE.jar
2019-12-09 10:58:47,521 [Worker-4] INFO  o.e.m.c.i.e.AbstractTransferListenerAdapter - Downloaded http://repo.maven.apache.org/maven2/org/springframework/boot/spring-boot-autoconfigure/2.0.5.RELEASE/spring-boot-autoconfigure-2.0.5.RELEASE.jar
2019-12-09 10:58:47,671 [Worker-4] INFO  o.e.m.c.i.e.AbstractTransferListenerAdapter - Downloading http://repo.maven.apache.org/maven2/org/springframework/boot/spring-boot-starter-logging/2.0.5.RELEASE/spring-boot-starter-logging-2.0.5.RELEASE.jar
2019-12-09 10:58:47,984 [Worker-4] INFO  o.e.m.c.i.e.AbstractTransferListenerAdapter - Downloaded http://repo.maven.apache.org/maven2/org/springframework/boot/spring-boot-starter-logging/2.0.5.RELEASE/spring-boot-starter-logging-2.0.5.RELEASE.jar
2019-12-09 10:58:48,144 [Worker-4] INFO  o.e.m.c.i.e.AbstractTransferListenerAdapter - Downloading http://repo.maven.apache.org/maven2/org/springframework/boot/spring-boot-starter-json/2.0.5.RELEASE/spring-boot-starter-json-2.0.5.RELEASE.jar
2019-12-09 10:58:48,465 [Worker-4] INFO  o.e.m.c.i.e.AbstractTransferListenerAdapter - Downloaded http://repo.maven.apache.org/maven2/org/springframework/boot/spring-boot-starter-json/2.0.5.RELEASE/spring-boot-starter-json-2.0.5.RELEASE.jar
2019-12-09 10:58:48,992 [Worker-4] INFO  o.e.m.c.i.e.AbstractTransferListenerAdapter - Downloading http://repo.maven.apache.org/maven2/com/fasterxml/jackson/core/jackson-databind/2.9.6/jackson-databind-2.9.6.jar
2019-12-09 10:58:49,432 [Worker-4] INFO  o.e.m.c.i.e.AbstractTransferListenerAdapter - Downloaded http://repo.maven.apache.org/maven2/com/fasterxml/jackson/core/jackson-databind/2.9.6/jackson-databind-2.9.6.jar
2019-12-09 10:58:49,648 [Worker-4] INFO  o.e.m.c.i.e.AbstractTransferListenerAdapter - Downloading http://repo.maven.apache.org/maven2/com/fasterxml/jackson/core/jackson-core/2.9.6/jackson-core-2.9.6.jar
2019-12-09 10:58:50,110 [Worker-4] INFO  o.e.m.c.i.e.AbstractTransferListenerAdapter - Downloaded http://repo.maven.apache.org/maven2/com/fasterxml/jackson/core/jackson-core/2.9.6/jackson-core-2.9.6.jar
2019-12-09 10:58:50,267 [Worker-4] INFO  o.e.m.c.i.e.AbstractTransferListenerAdapter - Downloading http://repo.maven.apache.org/maven2/com/fasterxml/jackson/datatype/jackson-datatype-jdk8/2.9.6/jackson-datatype-jdk8-2.9.6.jar
2019-12-09 10:58:50,572 [Worker-4] INFO  o.e.m.c.i.e.AbstractTransferListenerAdapter - Downloaded http://repo.maven.apache.org/maven2/com/fasterxml/jackson/datatype/jackson-datatype-jdk8/2.9.6/jackson-datatype-jdk8-2.9.6.jar
2019-12-09 10:58:50,745 [Worker-4] INFO  o.e.m.c.i.e.AbstractTransferListenerAdapter - Downloading http://repo.maven.apache.org/maven2/com/fasterxml/jackson/datatype/jackson-datatype-jsr310/2.9.6/jackson-datatype-jsr310-2.9.6.jar
2019-12-09 10:58:51,331 [Worker-4] INFO  o.e.m.c.i.e.AbstractTransferListenerAdapter - Downloaded http://repo.maven.apache.org/maven2/com/fasterxml/jackson/datatype/jackson-datatype-jsr310/2.9.6/jackson-datatype-jsr310-2.9.6.jar
2019-12-09 10:58:51,481 [Worker-4] INFO  o.e.m.c.i.e.AbstractTransferListenerAdapter - Downloading http://repo.maven.apache.org/maven2/com/fasterxml/jackson/module/jackson-module-parameter-names/2.9.6/jackson-module-parameter-names-2.9.6.jar
2019-12-09 10:58:51,878 [Worker-4] INFO  o.e.m.c.i.e.AbstractTransferListenerAdapter - Downloaded http://repo.maven.apache.org/maven2/com/fasterxml/jackson/module/jackson-module-parameter-names/2.9.6/jackson-module-parameter-names-2.9.6.jar
2019-12-09 10:58:52,038 [Worker-4] INFO  o.e.m.c.i.e.AbstractTransferListenerAdapter - Downloading http://repo.maven.apache.org/maven2/org/springframework/boot/spring-boot-starter-tomcat/2.0.5.RELEASE/spring-boot-starter-tomcat-2.0.5.RELEASE.jar
2019-12-09 10:58:52,348 [Worker-4] INFO  o.e.m.c.i.e.AbstractTransferListenerAdapter - Downloaded http://repo.maven.apache.org/maven2/org/springframework/boot/spring-boot-starter-tomcat/2.0.5.RELEASE/spring-boot-starter-tomcat-2.0.5.RELEASE.jar
2019-12-09 10:58:53,404 [Worker-4] INFO  o.e.m.c.i.e.AbstractTransferListenerAdapter - Downloading http://repo.maven.apache.org/maven2/org/apache/tomcat/embed/tomcat-embed-core/8.5.34/tomcat-embed-core-8.5.34.jar
2019-12-09 10:58:53,996 [Worker-4] INFO  o.e.m.c.i.e.AbstractTransferListenerAdapter - Downloaded http://repo.maven.apache.org/maven2/org/apache/tomcat/embed/tomcat-embed-core/8.5.34/tomcat-embed-core-8.5.34.jar
2019-12-09 10:58:54,226 [Worker-4] INFO  o.e.m.c.i.e.AbstractTransferListenerAdapter - Downloading http://repo.maven.apache.org/maven2/org/apache/tomcat/embed/tomcat-embed-el/8.5.34/tomcat-embed-el-8.5.34.jar
2019-12-09 10:58:54,551 [Worker-4] INFO  o.e.m.c.i.e.AbstractTransferListenerAdapter - Downloaded http://repo.maven.apache.org/maven2/org/apache/tomcat/embed/tomcat-embed-el/8.5.34/tomcat-embed-el-8.5.34.jar
2019-12-09 10:58:54,761 [Worker-4] INFO  o.e.m.c.i.e.AbstractTransferListenerAdapter - Downloading http://repo.maven.apache.org/maven2/org/apache/tomcat/embed/tomcat-embed-websocket/8.5.34/tomcat-embed-websocket-8.5.34.jar
2019-12-09 10:58:55,091 [Worker-4] INFO  o.e.m.c.i.e.AbstractTransferListenerAdapter - Downloaded http://repo.maven.apache.org/maven2/org/apache/tomcat/embed/tomcat-embed-websocket/8.5.34/tomcat-embed-websocket-8.5.34.jar
2019-12-09 10:58:55,588 [Worker-4] INFO  o.e.m.c.i.e.AbstractTransferListenerAdapter - Downloading http://repo.maven.apache.org/maven2/org/hibernate/validator/hibernate-validator/6.0.12.Final/hibernate-validator-6.0.12.Final.jar
2019-12-09 10:58:56,028 [Worker-4] INFO  o.e.m.c.i.e.AbstractTransferListenerAdapter - Downloaded http://repo.maven.apache.org/maven2/org/hibernate/validator/hibernate-validator/6.0.12.Final/hibernate-validator-6.0.12.Final.jar
2019-12-09 10:58:56,548 [Worker-4] INFO  o.e.m.c.i.e.AbstractTransferListenerAdapter - Downloading http://repo.maven.apache.org/maven2/org/springframework/spring-web/5.0.9.RELEASE/spring-web-5.0.9.RELEASE.jar
2019-12-09 10:58:57,115 [Worker-4] INFO  o.e.m.c.i.e.AbstractTransferListenerAdapter - Downloaded http://repo.maven.apache.org/maven2/org/springframework/spring-web/5.0.9.RELEASE/spring-web-5.0.9.RELEASE.jar
2019-12-09 10:58:57,475 [Worker-4] INFO  o.e.m.c.i.e.AbstractTransferListenerAdapter - Downloading http://repo.maven.apache.org/maven2/org/springframework/spring-beans/5.0.9.RELEASE/spring-beans-5.0.9.RELEASE.jar
2019-12-09 10:58:57,898 [Worker-4] INFO  o.e.m.c.i.e.AbstractTransferListenerAdapter - Downloaded http://repo.maven.apache.org/maven2/org/springframework/spring-beans/5.0.9.RELEASE/spring-beans-5.0.9.RELEASE.jar
2019-12-09 10:58:58,264 [Worker-4] INFO  o.e.m.c.i.e.AbstractTransferListenerAdapter - Downloading http://repo.maven.apache.org/maven2/org/springframework/spring-webmvc/5.0.9.RELEASE/spring-webmvc-5.0.9.RELEASE.jar
2019-12-09 10:58:58,648 [Worker-4] INFO  o.e.m.c.i.e.AbstractTransferListenerAdapter - Downloaded http://repo.maven.apache.org/maven2/org/springframework/spring-webmvc/5.0.9.RELEASE/spring-webmvc-5.0.9.RELEASE.jar
2019-12-09 10:58:58,914 [Worker-4] INFO  o.e.m.c.i.e.AbstractTransferListenerAdapter - Downloading http://repo.maven.apache.org/maven2/org/springframework/spring-aop/5.0.9.RELEASE/spring-aop-5.0.9.RELEASE.jar
2019-12-09 10:58:59,258 [Worker-4] INFO  o.e.m.c.i.e.AbstractTransferListenerAdapter - Downloaded http://repo.maven.apache.org/maven2/org/springframework/spring-aop/5.0.9.RELEASE/spring-aop-5.0.9.RELEASE.jar
2019-12-09 10:58:59,738 [Worker-4] INFO  o.e.m.c.i.e.AbstractTransferListenerAdapter - Downloading http://repo.maven.apache.org/maven2/org/springframework/spring-context/5.0.9.RELEASE/spring-context-5.0.9.RELEASE.jar
2019-12-09 10:59:00,145 [Worker-4] INFO  o.e.m.c.i.e.AbstractTransferListenerAdapter - Downloaded http://repo.maven.apache.org/maven2/org/springframework/spring-context/5.0.9.RELEASE/spring-context-5.0.9.RELEASE.jar
2019-12-09 10:59:00,366 [Worker-4] INFO  o.e.m.c.i.e.AbstractTransferListenerAdapter - Downloading http://repo.maven.apache.org/maven2/org/springframework/spring-expression/5.0.9.RELEASE/spring-expression-5.0.9.RELEASE.jar
2019-12-09 10:59:00,685 [Worker-4] INFO  o.e.m.c.i.e.AbstractTransferListenerAdapter - Downloaded http://repo.maven.apache.org/maven2/org/springframework/spring-expression/5.0.9.RELEASE/spring-expression-5.0.9.RELEASE.jar
2019-12-09 10:59:00,845 [Worker-4] INFO  o.e.m.c.i.e.AbstractTransferListenerAdapter - Downloading http://repo.maven.apache.org/maven2/org/springframework/boot/spring-boot-starter-test/2.0.5.RELEASE/spring-boot-starter-test-2.0.5.RELEASE.jar
2019-12-09 10:59:01,152 [Worker-4] INFO  o.e.m.c.i.e.AbstractTransferListenerAdapter - Downloaded http://repo.maven.apache.org/maven2/org/springframework/boot/spring-boot-starter-test/2.0.5.RELEASE/spring-boot-starter-test-2.0.5.RELEASE.jar
2019-12-09 10:59:01,372 [Worker-4] INFO  o.e.m.c.i.e.AbstractTransferListenerAdapter - Downloading http://repo.maven.apache.org/maven2/org/springframework/boot/spring-boot-test/2.0.5.RELEASE/spring-boot-test-2.0.5.RELEASE.jar
2019-12-09 10:59:01,772 [Worker-4] INFO  o.e.m.c.i.e.AbstractTransferListenerAdapter - Downloaded http://repo.maven.apache.org/maven2/org/springframework/boot/spring-boot-test/2.0.5.RELEASE/spring-boot-test-2.0.5.RELEASE.jar
2019-12-09 10:59:01,963 [Worker-4] INFO  o.e.m.c.i.e.AbstractTransferListenerAdapter - Downloading http://repo.maven.apache.org/maven2/org/springframework/boot/spring-boot-test-autoconfigure/2.0.5.RELEASE/spring-boot-test-autoconfigure-2.0.5.RELEASE.jar
2019-12-09 10:59:02,518 [Worker-4] INFO  o.e.m.c.i.e.AbstractTransferListenerAdapter - Downloaded http://repo.maven.apache.org/maven2/org/springframework/boot/spring-boot-test-autoconfigure/2.0.5.RELEASE/spring-boot-test-autoconfigure-2.0.5.RELEASE.jar
2019-12-09 10:59:02,758 [Worker-4] INFO  o.e.m.c.i.e.AbstractTransferListenerAdapter - Downloading http://repo.maven.apache.org/maven2/com/jayway/jsonpath/json-path/2.4.0/json-path-2.4.0.jar
2019-12-09 10:59:03,095 [Worker-4] INFO  o.e.m.c.i.e.AbstractTransferListenerAdapter - Downloaded http://repo.maven.apache.org/maven2/com/jayway/jsonpath/json-path/2.4.0/json-path-2.4.0.jar
2019-12-09 10:59:03,617 [Worker-4] INFO  o.e.m.c.i.e.AbstractTransferListenerAdapter - Downloading http://repo.maven.apache.org/maven2/org/springframework/spring-core/5.0.9.RELEASE/spring-core-5.0.9.RELEASE.jar
2019-12-09 10:59:04,088 [Worker-4] INFO  o.e.m.c.i.e.AbstractTransferListenerAdapter - Downloaded http://repo.maven.apache.org/maven2/org/springframework/spring-core/5.0.9.RELEASE/spring-core-5.0.9.RELEASE.jar
2019-12-09 10:59:04,243 [Worker-4] INFO  o.e.m.c.i.e.AbstractTransferListenerAdapter - Downloading http://repo.maven.apache.org/maven2/org/springframework/spring-jcl/5.0.9.RELEASE/spring-jcl-5.0.9.RELEASE.jar
2019-12-09 10:59:04,545 [Worker-4] INFO  o.e.m.c.i.e.AbstractTransferListenerAdapter - Downloaded http://repo.maven.apache.org/maven2/org/springframework/spring-jcl/5.0.9.RELEASE/spring-jcl-5.0.9.RELEASE.jar
2019-12-09 10:59:04,865 [Worker-4] INFO  o.e.m.c.i.e.AbstractTransferListenerAdapter - Downloading http://repo.maven.apache.org/maven2/org/springframework/spring-test/5.0.9.RELEASE/spring-test-5.0.9.RELEASE.jar
2019-12-09 10:59:05,215 [Worker-4] INFO  o.e.m.c.i.e.AbstractTransferListenerAdapter - Downloaded http://repo.maven.apache.org/maven2/org/springframework/spring-test/5.0.9.RELEASE/spring-test-5.0.9.RELEASE.jar
2019-12-09 10:59:05,386 [Worker-4] INFO  o.e.m.c.i.e.AbstractTransferListenerAdapter - Downloading http://repo.maven.apache.org/maven2/com/fasterxml/classmate/1.3.4/classmate-1.3.4.jar
2019-12-09 10:59:05,695 [Worker-4] INFO  o.e.m.c.i.e.AbstractTransferListenerAdapter - Downloaded http://repo.maven.apache.org/maven2/com/fasterxml/classmate/1.3.4/classmate-1.3.4.jar
2019-12-09 10:59:05,855 [Worker-4] INFO  o.e.m.c.i.e.AbstractTransferListenerAdapter - Downloading http://repo.maven.apache.org/maven2/io/springfox/springfox-bean-validators/2.8.0/springfox-bean-validators-2.8.0.jar
2019-12-09 10:59:06,172 [Worker-4] INFO  o.e.m.c.i.e.AbstractTransferListenerAdapter - Downloaded http://repo.maven.apache.org/maven2/io/springfox/springfox-bean-validators/2.8.0/springfox-bean-validators-2.8.0.jar
2019-12-09 10:59:06,332 [Worker-4] INFO  o.e.m.c.i.e.AbstractTransferListenerAdapter - Downloading http://repo.maven.apache.org/maven2/javax/xml/bind/jaxb-api/2.1/jaxb-api-2.1.jar
2019-12-09 10:59:06,652 [Worker-4] INFO  o.e.m.c.i.e.AbstractTransferListenerAdapter - Downloaded http://repo.maven.apache.org/maven2/javax/xml/bind/jaxb-api/2.1/jaxb-api-2.1.jar
2019-12-09 10:59:06,882 [Worker-4] INFO  o.e.m.c.i.e.AbstractTransferListenerAdapter - Downloading http://repo.maven.apache.org/maven2/org/bitbucket/b_c/jose4j/0.6.4/jose4j-0.6.4.jar
2019-12-09 10:59:07,209 [Worker-4] INFO  o.e.m.c.i.e.AbstractTransferListenerAdapter - Downloaded http://repo.maven.apache.org/maven2/org/bitbucket/b_c/jose4j/0.6.4/jose4j-0.6.4.jar
2019-12-09 10:59:07,379 [Worker-4] INFO  o.e.m.c.i.e.AbstractTransferListenerAdapter - Downloading http://repo.maven.apache.org/maven2/org/cache2k/cache2k-api/1.2.3.Final/cache2k-api-1.2.3.Final.jar
2019-12-09 10:59:07,728 [Worker-4] INFO  o.e.m.c.i.e.AbstractTransferListenerAdapter - Downloaded http://repo.maven.apache.org/maven2/org/cache2k/cache2k-api/1.2.3.Final/cache2k-api-1.2.3.Final.jar
2019-12-09 10:59:08,015 [Worker-4] INFO  o.e.m.c.i.e.AbstractTransferListenerAdapter - Downloading http://repo.maven.apache.org/maven2/org/cache2k/cache2k-core/1.2.3.Final/cache2k-core-1.2.3.Final.jar
2019-12-09 10:59:08,346 [Worker-4] INFO  o.e.m.c.i.e.AbstractTransferListenerAdapter - Downloaded http://repo.maven.apache.org/maven2/org/cache2k/cache2k-core/1.2.3.Final/cache2k-core-1.2.3.Final.jar
2019-12-09 10:59:08,657 [Worker-4] INFO  o.e.m.c.i.e.AbstractTransferListenerAdapter - Downloading http://repo.maven.apache.org/maven2/org/apache/httpcomponents/httpclient/4.3.4/httpclient-4.3.4.jar
2019-12-09 10:59:09,082 [Worker-4] INFO  o.e.m.c.i.e.AbstractTransferListenerAdapter - Downloaded http://repo.maven.apache.org/maven2/org/apache/httpcomponents/httpclient/4.3.4/httpclient-4.3.4.jar
2019-12-09 10:59:09,362 [Worker-4] INFO  o.e.m.c.i.e.AbstractTransferListenerAdapter - Downloading http://repo.maven.apache.org/maven2/org/apache/httpcomponents/httpcore/4.4.10/httpcore-4.4.10.jar
2019-12-09 10:59:09,702 [Worker-4] INFO  o.e.m.c.i.e.AbstractTransferListenerAdapter - Downloaded http://repo.maven.apache.org/maven2/org/apache/httpcomponents/httpcore/4.4.10/httpcore-4.4.10.jar
2019-12-09 10:59:09,862 [Worker-4] INFO  o.e.m.c.i.e.AbstractTransferListenerAdapter - Downloading http://repo.maven.apache.org/maven2/org/json/json/20190722/json-20190722.jar
2019-12-09 10:59:10,182 [Worker-4] INFO  o.e.m.c.i.e.AbstractTransferListenerAdapter - Downloaded http://repo.maven.apache.org/maven2/org/json/json/20190722/json-20190722.jar
2019-12-09 10:59:17,003 [Worker-4] INFO  o.e.m.j.i.AbstractJavaProjectConfigurator - Adding source folder /eng-java-service/src/main/java
2019-12-09 10:59:17,003 [Worker-4] INFO  o.e.m.j.i.AbstractJavaProjectConfigurator - Adding resource folder /eng-java-service/src/main/resources
2019-12-09 10:59:17,003 [Worker-4] INFO  o.e.m.j.i.AbstractJavaProjectConfigurator - Adding resource folder /eng-java-service/src/main/resources
2019-12-09 10:59:17,003 [Worker-4] INFO  o.e.m.j.i.AbstractJavaProjectConfigurator - Adding source folder /eng-java-service/src/test/java
2019-12-09 10:59:17,247 [Worker-10] INFO  o.e.m.c.i.l.LifecycleMappingFactory - Using org.eclipse.m2e.jdt.JarLifecycleMapping lifecycle mapping for MavenProject: net.guides.springboot2:springboot2-jpa-swagger2:0.0.1-SNAPSHOT @ C:\Workspace\eng-docs\eng-java-service\pom.xml.
2019-12-09 10:59:17,396 [Worker-4] INFO  o.e.m.c.i.p.ProjectConfigurationManager - Imported and configured 1 project(s) in 70 sec
2019-12-09 10:59:17,934 [Worker-10] WARN  o.e.m.c.i.embedder.EclipseLogger - The POM for javax.xml.bind:jaxb-api:jar:2.1 is invalid, transitive dependencies (if any) will not be available, enable debug logging for more details
2019-12-09 10:59:17,937 [Worker-10] WARN  o.e.m.c.i.embedder.EclipseLogger - The POM for javax.xml.bind:jaxb-api:jar:2.1 is invalid, transitive dependencies (if any) will not be available, enable debug logging for more details
2019-12-09 10:59:18,032 [Worker-10] WARN  o.e.m.c.i.embedder.EclipseLogger - The artifact javax.xml:jaxb-api:jar:2.1 has been relocated to javax.xml.bind:jaxb-api:jar:2.1
2019-12-09 10:59:19,869 [Worker-2] WARN  o.e.m.c.i.embedder.EclipseLogger - The POM for javax.xml.bind:jaxb-api:jar:2.1 is invalid, transitive dependencies (if any) will not be available, enable debug logging for more details
2019-12-09 10:59:19,869 [Worker-2] WARN  o.e.m.c.i.embedder.EclipseLogger - The POM for javax.xml.bind:jaxb-api:jar:2.1 is invalid, transitive dependencies (if any) will not be available, enable debug logging for more details
2019-12-09 10:59:19,929 [Worker-2] WARN  o.e.m.c.i.embedder.EclipseLogger - The artifact javax.xml:jaxb-api:jar:2.1 has been relocated to javax.xml.bind:jaxb-api:jar:2.1
2019-12-09 10:59:20,099 [Worker-2] INFO  o.e.m.c.i.embedder.EclipseLogger - Using 'UTF-8' encoding to copy filtered resources.
2019-12-09 10:59:20,099 [Worker-2] INFO  o.e.m.c.i.embedder.EclipseLogger - Copying 1 resource
2019-12-09 10:59:20,109 [Worker-2] INFO  o.e.m.c.i.embedder.EclipseLogger - Copying 1 resource
2019-12-09 10:59:20,129 [Worker-2] INFO  o.e.m.c.i.embedder.EclipseLogger - Using 'UTF-8' encoding to copy filtered resources.
2019-12-09 10:59:20,129 [Worker-2] INFO  o.e.m.c.i.embedder.EclipseLogger - skip non existing resourceDirectory C:\Workspace\eng-docs\eng-java-service\src\test\resources
2019-12-09 10:59:23,481 [Worker-9] WARN  o.e.m.c.i.embedder.EclipseLogger - The POM for javax.xml.bind:jaxb-api:jar:2.1 is invalid, transitive dependencies (if any) will not be available, enable debug logging for more details
2019-12-09 10:59:23,481 [Worker-9] WARN  o.e.m.c.i.embedder.EclipseLogger - The POM for javax.xml.bind:jaxb-api:jar:2.1 is invalid, transitive dependencies (if any) will not be available, enable debug logging for more details
2019-12-09 10:59:23,531 [Worker-9] WARN  o.e.m.c.i.embedder.EclipseLogger - The artifact javax.xml:jaxb-api:jar:2.1 has been relocated to javax.xml.bind:jaxb-api:jar:2.1
2019-12-09 10:59:23,697 [Worker-9] INFO  o.e.m.c.i.embedder.EclipseLogger - Using 'UTF-8' encoding to copy filtered resources.
2019-12-09 10:59:23,701 [Worker-9] INFO  o.e.m.c.i.embedder.EclipseLogger - Copying 1 resource
2019-12-09 10:59:23,703 [Worker-9] INFO  o.e.m.c.i.embedder.EclipseLogger - Copying 1 resource
2019-12-09 10:59:23,705 [Worker-9] INFO  o.e.m.c.i.embedder.EclipseLogger - Using 'UTF-8' encoding to copy filtered resources.
2019-12-09 10:59:23,706 [Worker-9] INFO  o.e.m.c.i.embedder.EclipseLogger - skip non existing resourceDirectory C:\Workspace\eng-docs\eng-java-service\src\test\resources
2019-12-09 11:09:14,515 [Worker-12] INFO  o.e.m.c.i.embedder.EclipseLogger - Using 'UTF-8' encoding to copy filtered resources.
2019-12-09 11:09:14,515 [Worker-12] INFO  o.e.m.c.i.embedder.EclipseLogger - Copying 1 resource
2019-12-09 11:09:14,515 [Worker-12] INFO  o.e.m.c.i.embedder.EclipseLogger - Copying 1 resource
2019-12-09 11:09:14,515 [Worker-12] INFO  o.e.m.c.i.embedder.EclipseLogger - Using 'UTF-8' encoding to copy filtered resources.
2019-12-09 11:09:14,515 [Worker-12] INFO  o.e.m.c.i.embedder.EclipseLogger - skip non existing resourceDirectory C:\Workspace\eng-docs\eng-java-service\src\test\resources
2019-12-09 11:09:24,311 [Worker-16] INFO  o.e.m.c.i.embedder.EclipseLogger - Using 'UTF-8' encoding to copy filtered resources.
2019-12-09 11:09:24,313 [Worker-16] INFO  o.e.m.c.i.embedder.EclipseLogger - Copying 1 resource
2019-12-09 11:09:24,315 [Worker-16] INFO  o.e.m.c.i.embedder.EclipseLogger - Copying 1 resource
2019-12-09 11:09:24,317 [Worker-16] INFO  o.e.m.c.i.embedder.EclipseLogger - Using 'UTF-8' encoding to copy filtered resources.
2019-12-09 11:09:24,317 [Worker-16] INFO  o.e.m.c.i.embedder.EclipseLogger - skip non existing resourceDirectory C:\Workspace\eng-docs\eng-java-service\src\test\resources
2019-12-09 11:12:12,425 [Worker-18] INFO  o.e.m.c.i.embedder.EclipseLogger - Using 'UTF-8' encoding to copy filtered resources.
2019-12-09 11:12:12,425 [Worker-18] INFO  o.e.m.c.i.embedder.EclipseLogger - Copying 1 resource
2019-12-09 11:12:12,425 [Worker-18] INFO  o.e.m.c.i.embedder.EclipseLogger - Copying 1 resource
2019-12-09 11:12:12,425 [Worker-18] INFO  o.e.m.c.i.embedder.EclipseLogger - Using 'UTF-8' encoding to copy filtered resources.
2019-12-09 11:12:12,435 [Worker-18] INFO  o.e.m.c.i.embedder.EclipseLogger - skip non existing resourceDirectory C:\Workspace\eng-docs\eng-java-service\src\test\resources
2019-12-09 11:13:16,536 [Worker-16] INFO  o.e.m.c.i.embedder.EclipseLogger - Using 'UTF-8' encoding to copy filtered resources.
2019-12-09 11:13:16,536 [Worker-16] INFO  o.e.m.c.i.embedder.EclipseLogger - Copying 1 resource
2019-12-09 11:13:16,536 [Worker-16] INFO  o.e.m.c.i.embedder.EclipseLogger - Copying 1 resource
2019-12-09 11:13:16,536 [Worker-16] INFO  o.e.m.c.i.embedder.EclipseLogger - Using 'UTF-8' encoding to copy filtered resources.
2019-12-09 11:13:16,536 [Worker-16] INFO  o.e.m.c.i.embedder.EclipseLogger - skip non existing resourceDirectory C:\Workspace\eng-docs\eng-java-service\src\test\resources
2019-12-09 11:14:11,212 [Worker-19] INFO  o.e.m.c.i.embedder.EclipseLogger - Using 'UTF-8' encoding to copy filtered resources.
2019-12-09 11:14:11,222 [Worker-19] INFO  o.e.m.c.i.embedder.EclipseLogger - Copying 1 resource
2019-12-09 11:14:11,222 [Worker-19] INFO  o.e.m.c.i.embedder.EclipseLogger - Copying 1 resource
2019-12-09 11:14:11,222 [Worker-19] INFO  o.e.m.c.i.embedder.EclipseLogger - Using 'UTF-8' encoding to copy filtered resources.
2019-12-09 11:14:11,222 [Worker-19] INFO  o.e.m.c.i.embedder.EclipseLogger - skip non existing resourceDirectory C:\Workspace\eng-docs\eng-java-service\src\test\resources
2019-12-09 11:17:04,087 [Worker-22] INFO  o.e.m.c.i.embedder.EclipseLogger - Using 'UTF-8' encoding to copy filtered resources.
2019-12-09 11:17:04,088 [Worker-22] INFO  o.e.m.c.i.embedder.EclipseLogger - Copying 1 resource
2019-12-09 11:17:04,089 [Worker-22] INFO  o.e.m.c.i.embedder.EclipseLogger - Copying 1 resource
2019-12-09 11:17:04,092 [Worker-22] INFO  o.e.m.c.i.embedder.EclipseLogger - Using 'UTF-8' encoding to copy filtered resources.
2019-12-09 11:17:04,092 [Worker-22] INFO  o.e.m.c.i.embedder.EclipseLogger - skip non existing resourceDirectory C:\Workspace\eng-docs\eng-java-service\src\test\resources
2019-12-09 11:18:17,130 [Worker-13] INFO  o.e.m.c.i.embedder.EclipseLogger - Using 'UTF-8' encoding to copy filtered resources.
2019-12-09 11:18:17,131 [Worker-13] INFO  o.e.m.c.i.embedder.EclipseLogger - Copying 1 resource
2019-12-09 11:18:17,136 [Worker-13] INFO  o.e.m.c.i.embedder.EclipseLogger - Copying 1 resource
2019-12-09 11:18:17,139 [Worker-13] INFO  o.e.m.c.i.embedder.EclipseLogger - Using 'UTF-8' encoding to copy filtered resources.
2019-12-09 11:18:17,139 [Worker-13] INFO  o.e.m.c.i.embedder.EclipseLogger - skip non existing resourceDirectory C:\Workspace\eng-docs\eng-java-service\src\test\resources
2019-12-09 11:18:51,498 [Worker-18] INFO  o.e.m.c.i.embedder.EclipseLogger - Using 'UTF-8' encoding to copy filtered resources.
2019-12-09 11:18:51,498 [Worker-18] INFO  o.e.m.c.i.embedder.EclipseLogger - Copying 1 resource
2019-12-09 11:18:51,498 [Worker-18] INFO  o.e.m.c.i.embedder.EclipseLogger - Copying 1 resource
2019-12-09 11:18:51,508 [Worker-18] INFO  o.e.m.c.i.embedder.EclipseLogger - Using 'UTF-8' encoding to copy filtered resources.
2019-12-09 11:18:51,508 [Worker-18] INFO  o.e.m.c.i.embedder.EclipseLogger - skip non existing resourceDirectory C:\Workspace\eng-docs\eng-java-service\src\test\resources
2019-12-09 11:19:37,903 [Worker-24] INFO  o.e.m.c.i.embedder.EclipseLogger - Using 'UTF-8' encoding to copy filtered resources.
2019-12-09 11:19:37,904 [Worker-24] INFO  o.e.m.c.i.embedder.EclipseLogger - Copying 1 resource
2019-12-09 11:19:37,906 [Worker-24] INFO  o.e.m.c.i.embedder.EclipseLogger - Copying 1 resource
2019-12-09 11:19:37,910 [Worker-24] INFO  o.e.m.c.i.embedder.EclipseLogger - Using 'UTF-8' encoding to copy filtered resources.
2019-12-09 11:19:37,910 [Worker-24] INFO  o.e.m.c.i.embedder.EclipseLogger - skip non existing resourceDirectory C:\Workspace\eng-docs\eng-java-service\src\test\resources
2019-12-09 11:20:22,235 [Worker-16] INFO  o.e.m.c.i.embedder.EclipseLogger - Using 'UTF-8' encoding to copy filtered resources.
2019-12-09 11:20:22,235 [Worker-16] INFO  o.e.m.c.i.embedder.EclipseLogger - Copying 1 resource
2019-12-09 11:20:22,235 [Worker-16] INFO  o.e.m.c.i.embedder.EclipseLogger - Copying 1 resource
2019-12-09 11:20:22,235 [Worker-16] INFO  o.e.m.c.i.embedder.EclipseLogger - Using 'UTF-8' encoding to copy filtered resources.
2019-12-09 11:20:22,235 [Worker-16] INFO  o.e.m.c.i.embedder.EclipseLogger - skip non existing resourceDirectory C:\Workspace\eng-docs\eng-java-service\src\test\resources
2019-12-09 11:20:24,336 [Worker-24] INFO  o.e.m.c.i.embedder.EclipseLogger - Using 'UTF-8' encoding to copy filtered resources.
2019-12-09 11:20:24,336 [Worker-24] INFO  o.e.m.c.i.embedder.EclipseLogger - Copying 1 resource
2019-12-09 11:20:24,336 [Worker-24] INFO  o.e.m.c.i.embedder.EclipseLogger - Copying 1 resource
2019-12-09 11:20:24,336 [Worker-24] INFO  o.e.m.c.i.embedder.EclipseLogger - Using 'UTF-8' encoding to copy filtered resources.
2019-12-09 11:20:24,336 [Worker-24] INFO  o.e.m.c.i.embedder.EclipseLogger - skip non existing resourceDirectory C:\Workspace\eng-docs\eng-java-service\src\test\resources
2019-12-09 11:21:25,127 [Worker-22] INFO  o.e.m.c.i.embedder.EclipseLogger - Using 'UTF-8' encoding to copy filtered resources.
2019-12-09 11:21:25,137 [Worker-22] INFO  o.e.m.c.i.embedder.EclipseLogger - Copying 1 resource
2019-12-09 11:21:25,137 [Worker-22] INFO  o.e.m.c.i.embedder.EclipseLogger - Copying 1 resource
2019-12-09 11:21:25,137 [Worker-22] INFO  o.e.m.c.i.embedder.EclipseLogger - Using 'UTF-8' encoding to copy filtered resources.
2019-12-09 11:21:25,137 [Worker-22] INFO  o.e.m.c.i.embedder.EclipseLogger - skip non existing resourceDirectory C:\Workspace\eng-docs\eng-java-service\src\test\resources
2019-12-09 11:22:00,614 [Worker-18] INFO  o.e.m.c.i.embedder.EclipseLogger - Using 'UTF-8' encoding to copy filtered resources.
2019-12-09 11:22:00,615 [Worker-18] INFO  o.e.m.c.i.embedder.EclipseLogger - Copying 1 resource
2019-12-09 11:22:00,616 [Worker-18] INFO  o.e.m.c.i.embedder.EclipseLogger - Copying 1 resource
2019-12-09 11:22:00,619 [Worker-18] INFO  o.e.m.c.i.embedder.EclipseLogger - Using 'UTF-8' encoding to copy filtered resources.
2019-12-09 11:22:00,619 [Worker-18] INFO  o.e.m.c.i.embedder.EclipseLogger - skip non existing resourceDirectory C:\Workspace\eng-docs\eng-java-service\src\test\resources
2019-12-09 11:23:51,536 [Worker-28] INFO  o.e.m.c.i.embedder.EclipseLogger - Using 'UTF-8' encoding to copy filtered resources.
2019-12-09 11:23:51,537 [Worker-28] INFO  o.e.m.c.i.embedder.EclipseLogger - Copying 1 resource
2019-12-09 11:23:51,539 [Worker-28] INFO  o.e.m.c.i.embedder.EclipseLogger - Copying 1 resource
2019-12-09 11:23:51,542 [Worker-28] INFO  o.e.m.c.i.embedder.EclipseLogger - Using 'UTF-8' encoding to copy filtered resources.
2019-12-09 11:23:51,542 [Worker-28] INFO  o.e.m.c.i.embedder.EclipseLogger - skip non existing resourceDirectory C:\Workspace\eng-docs\eng-java-service\src\test\resources
2019-12-09 11:24:30,653 [Worker-13] INFO  o.e.m.c.i.embedder.EclipseLogger - Using 'UTF-8' encoding to copy filtered resources.
2019-12-09 11:24:30,653 [Worker-13] INFO  o.e.m.c.i.embedder.EclipseLogger - Copying 1 resource
2019-12-09 11:24:30,655 [Worker-13] INFO  o.e.m.c.i.embedder.EclipseLogger - Copying 1 resource
2019-12-09 11:24:30,657 [Worker-13] INFO  o.e.m.c.i.embedder.EclipseLogger - Using 'UTF-8' encoding to copy filtered resources.
2019-12-09 11:24:30,657 [Worker-13] INFO  o.e.m.c.i.embedder.EclipseLogger - skip non existing resourceDirectory C:\Workspace\eng-docs\eng-java-service\src\test\resources
2019-12-09 11:24:59,320 [Worker-30] INFO  o.e.m.c.i.embedder.EclipseLogger - Using 'UTF-8' encoding to copy filtered resources.
2019-12-09 11:24:59,320 [Worker-30] INFO  o.e.m.c.i.embedder.EclipseLogger - Copying 1 resource
2019-12-09 11:24:59,321 [Worker-30] INFO  o.e.m.c.i.embedder.EclipseLogger - Copying 1 resource
2019-12-09 11:24:59,349 [Worker-30] INFO  o.e.m.c.i.embedder.EclipseLogger - Using 'UTF-8' encoding to copy filtered resources.
2019-12-09 11:24:59,349 [Worker-30] INFO  o.e.m.c.i.embedder.EclipseLogger - skip non existing resourceDirectory C:\Workspace\eng-docs\eng-java-service\src\test\resources
2019-12-09 11:26:24,642 [Worker-26] INFO  o.e.m.c.i.l.LifecycleMappingFactory - Using org.eclipse.m2e.jdt.JarLifecycleMapping lifecycle mapping for MavenProject: net.guides.springboot2:springboot2-jpa-swagger2:0.0.1-SNAPSHOT @ C:\Workspace\eng-docs\eng-config\pom.xml.
2019-12-09 11:26:25,209 [Worker-26] WARN  o.e.m.c.i.embedder.EclipseLogger - The POM for javax.xml.bind:jaxb-api:jar:2.1 is invalid, transitive dependencies (if any) will not be available, enable debug logging for more details
2019-12-09 11:26:25,209 [Worker-26] WARN  o.e.m.c.i.embedder.EclipseLogger - The POM for javax.xml.bind:jaxb-api:jar:2.1 is invalid, transitive dependencies (if any) will not be available, enable debug logging for more details
2019-12-09 11:26:25,269 [Worker-26] WARN  o.e.m.c.i.embedder.EclipseLogger - The artifact javax.xml:jaxb-api:jar:2.1 has been relocated to javax.xml.bind:jaxb-api:jar:2.1
2019-12-09 11:26:25,640 [Worker-26] INFO  o.e.m.c.i.embedder.EclipseLogger - Using 'UTF-8' encoding to copy filtered resources.
2019-12-09 11:26:25,640 [Worker-26] INFO  o.e.m.c.i.embedder.EclipseLogger - Copying 1 resource
2019-12-09 11:26:25,641 [Worker-26] INFO  o.e.m.c.i.embedder.EclipseLogger - Copying 1 resource
2019-12-09 11:26:25,646 [Worker-26] INFO  o.e.m.c.i.embedder.EclipseLogger - Using 'UTF-8' encoding to copy filtered resources.
2019-12-09 11:26:25,646 [Worker-26] INFO  o.e.m.c.i.embedder.EclipseLogger - skip non existing resourceDirectory C:\Workspace\eng-docs\eng-config\src\test\resources
2019-12-09 11:26:26,350 [Worker-29] INFO  o.e.m.c.i.l.LifecycleMappingFactory - Using org.eclipse.m2e.jdt.JarLifecycleMapping lifecycle mapping for MavenProject: net.guides.springboot2:springboot2-jpa-swagger2:0.0.1-SNAPSHOT @ C:\Workspace\eng-docs\eng-config\pom.xml.
2019-12-09 11:26:26,838 [Worker-29] WARN  o.e.m.c.i.embedder.EclipseLogger - The POM for javax.xml.bind:jaxb-api:jar:2.1 is invalid, transitive dependencies (if any) will not be available, enable debug logging for more details
2019-12-09 11:26:26,842 [Worker-29] WARN  o.e.m.c.i.embedder.EclipseLogger - The POM for javax.xml.bind:jaxb-api:jar:2.1 is invalid, transitive dependencies (if any) will not be available, enable debug logging for more details
2019-12-09 11:26:26,902 [Worker-29] WARN  o.e.m.c.i.embedder.EclipseLogger - The artifact javax.xml:jaxb-api:jar:2.1 has been relocated to javax.xml.bind:jaxb-api:jar:2.1
2019-12-09 11:26:27,744 [Worker-13] WARN  o.e.m.c.i.embedder.EclipseLogger - The POM for javax.xml.bind:jaxb-api:jar:2.1 is invalid, transitive dependencies (if any) will not be available, enable debug logging for more details
2019-12-09 11:26:27,748 [Worker-13] WARN  o.e.m.c.i.embedder.EclipseLogger - The POM for javax.xml.bind:jaxb-api:jar:2.1 is invalid, transitive dependencies (if any) will not be available, enable debug logging for more details
2019-12-09 11:26:27,852 [Worker-13] WARN  o.e.m.c.i.embedder.EclipseLogger - The artifact javax.xml:jaxb-api:jar:2.1 has been relocated to javax.xml.bind:jaxb-api:jar:2.1
2019-12-09 11:26:28,018 [Worker-13] INFO  o.e.m.c.i.embedder.EclipseLogger - Using 'UTF-8' encoding to copy filtered resources.
2019-12-09 11:26:28,019 [Worker-13] INFO  o.e.m.c.i.embedder.EclipseLogger - Copying 1 resource
2019-12-09 11:26:28,021 [Worker-13] INFO  o.e.m.c.i.embedder.EclipseLogger - Copying 1 resource
2019-12-09 11:26:28,025 [Worker-13] INFO  o.e.m.c.i.embedder.EclipseLogger - Using 'UTF-8' encoding to copy filtered resources.
2019-12-09 11:26:28,025 [Worker-13] INFO  o.e.m.c.i.embedder.EclipseLogger - skip non existing resourceDirectory C:\Workspace\eng-docs\eng-config\src\test\resources
2019-12-09 11:26:29,611 [Worker-30] WARN  o.e.m.c.i.embedder.EclipseLogger - The POM for javax.xml.bind:jaxb-api:jar:2.1 is invalid, transitive dependencies (if any) will not be available, enable debug logging for more details
2019-12-09 11:26:29,614 [Worker-30] WARN  o.e.m.c.i.embedder.EclipseLogger - The POM for javax.xml.bind:jaxb-api:jar:2.1 is invalid, transitive dependencies (if any) will not be available, enable debug logging for more details
2019-12-09 11:26:29,671 [Worker-30] WARN  o.e.m.c.i.embedder.EclipseLogger - The artifact javax.xml:jaxb-api:jar:2.1 has been relocated to javax.xml.bind:jaxb-api:jar:2.1
2019-12-09 11:26:29,867 [Worker-30] INFO  o.e.m.c.i.embedder.EclipseLogger - Using 'UTF-8' encoding to copy filtered resources.
2019-12-09 11:26:29,868 [Worker-30] INFO  o.e.m.c.i.embedder.EclipseLogger - Copying 1 resource
2019-12-09 11:26:29,870 [Worker-30] INFO  o.e.m.c.i.embedder.EclipseLogger - Copying 1 resource
2019-12-09 11:26:29,872 [Worker-30] INFO  o.e.m.c.i.embedder.EclipseLogger - Using 'UTF-8' encoding to copy filtered resources.
2019-12-09 11:26:29,872 [Worker-30] INFO  o.e.m.c.i.embedder.EclipseLogger - skip non existing resourceDirectory C:\Workspace\eng-docs\eng-config\src\test\resources
2019-12-09 11:27:44,169 [Worker-33] INFO  o.e.m.c.i.embedder.EclipseLogger - Using 'UTF-8' encoding to copy filtered resources.
2019-12-09 11:27:44,170 [Worker-33] INFO  o.e.m.c.i.embedder.EclipseLogger - Copying 1 resource
2019-12-09 11:27:44,171 [Worker-33] INFO  o.e.m.c.i.embedder.EclipseLogger - Copying 1 resource
2019-12-09 11:27:44,173 [Worker-33] INFO  o.e.m.c.i.embedder.EclipseLogger - Using 'UTF-8' encoding to copy filtered resources.
2019-12-09 11:27:44,173 [Worker-33] INFO  o.e.m.c.i.embedder.EclipseLogger - skip non existing resourceDirectory C:\Workspace\eng-docs\eng-config\src\test\resources
2019-12-09 11:27:56,337 [Worker-31] INFO  o.e.m.c.i.embedder.EclipseLogger - Using 'UTF-8' encoding to copy filtered resources.
2019-12-09 11:27:56,338 [Worker-31] INFO  o.e.m.c.i.embedder.EclipseLogger - Copying 1 resource
2019-12-09 11:27:56,342 [Worker-31] INFO  o.e.m.c.i.embedder.EclipseLogger - Copying 1 resource
2019-12-09 11:27:56,344 [Worker-31] INFO  o.e.m.c.i.embedder.EclipseLogger - Using 'UTF-8' encoding to copy filtered resources.
2019-12-09 11:27:56,344 [Worker-31] INFO  o.e.m.c.i.embedder.EclipseLogger - skip non existing resourceDirectory C:\Workspace\eng-docs\eng-config\src\test\resources
2019-12-09 12:12:11,584 [Worker-49] INFO  o.e.m.c.i.embedder.EclipseLogger - Using 'UTF-8' encoding to copy filtered resources.
2019-12-09 12:12:11,585 [Worker-49] INFO  o.e.m.c.i.embedder.EclipseLogger - Copying 1 resource
2019-12-09 12:12:11,587 [Worker-49] INFO  o.e.m.c.i.embedder.EclipseLogger - Copying 1 resource
2019-12-09 12:12:11,589 [Worker-49] INFO  o.e.m.c.i.embedder.EclipseLogger - Using 'UTF-8' encoding to copy filtered resources.
2019-12-09 12:12:11,589 [Worker-49] INFO  o.e.m.c.i.embedder.EclipseLogger - skip non existing resourceDirectory C:\Workspace\eng-docs\eng-config\src\test\resources
2019-12-09 12:12:19,107 [Worker-42] INFO  o.e.m.c.i.embedder.EclipseLogger - Using 'UTF-8' encoding to copy filtered resources.
2019-12-09 12:12:19,107 [Worker-42] INFO  o.e.m.c.i.embedder.EclipseLogger - Copying 1 resource
2019-12-09 12:12:19,109 [Worker-42] INFO  o.e.m.c.i.embedder.EclipseLogger - Copying 1 resource
2019-12-09 12:12:19,110 [Worker-42] INFO  o.e.m.c.i.embedder.EclipseLogger - Using 'UTF-8' encoding to copy filtered resources.
2019-12-09 12:12:19,111 [Worker-42] INFO  o.e.m.c.i.embedder.EclipseLogger - skip non existing resourceDirectory C:\Workspace\eng-docs\eng-config\src\test\resources
2019-12-09 12:13:13,319 [Worker-48] INFO  o.e.m.c.i.embedder.EclipseLogger - Using 'UTF-8' encoding to copy filtered resources.
2019-12-09 12:13:13,320 [Worker-48] INFO  o.e.m.c.i.embedder.EclipseLogger - Copying 1 resource
2019-12-09 12:13:13,322 [Worker-48] INFO  o.e.m.c.i.embedder.EclipseLogger - Copying 1 resource
2019-12-09 12:13:13,324 [Worker-48] INFO  o.e.m.c.i.embedder.EclipseLogger - Using 'UTF-8' encoding to copy filtered resources.
2019-12-09 12:13:13,324 [Worker-48] INFO  o.e.m.c.i.embedder.EclipseLogger - skip non existing resourceDirectory C:\Workspace\eng-docs\eng-config\src\test\resources
2019-12-09 12:14:41,392 [Worker-50] INFO  o.e.m.c.i.embedder.EclipseLogger - Using 'UTF-8' encoding to copy filtered resources.
2019-12-09 12:14:41,393 [Worker-50] INFO  o.e.m.c.i.embedder.EclipseLogger - Copying 1 resource
2019-12-09 12:14:41,394 [Worker-50] INFO  o.e.m.c.i.embedder.EclipseLogger - Copying 1 resource
2019-12-09 12:14:41,395 [Worker-50] INFO  o.e.m.c.i.embedder.EclipseLogger - Using 'UTF-8' encoding to copy filtered resources.
2019-12-09 12:14:41,395 [Worker-50] INFO  o.e.m.c.i.embedder.EclipseLogger - skip non existing resourceDirectory C:\Workspace\eng-docs\eng-config\src\test\resources
2019-12-09 13:57:04,198 [Worker-80] INFO  o.e.m.c.i.embedder.EclipseLogger - Using 'UTF-8' encoding to copy filtered resources.
2019-12-09 13:57:04,199 [Worker-80] INFO  o.e.m.c.i.embedder.EclipseLogger - Copying 1 resource
2019-12-09 13:57:04,201 [Worker-80] INFO  o.e.m.c.i.embedder.EclipseLogger - Copying 1 resource
2019-12-09 13:57:04,202 [Worker-80] INFO  o.e.m.c.i.embedder.EclipseLogger - Using 'UTF-8' encoding to copy filtered resources.
2019-12-09 13:57:04,202 [Worker-80] INFO  o.e.m.c.i.embedder.EclipseLogger - skip non existing resourceDirectory C:\Workspace\eng-docs\eng-config\src\test\resources
2019-12-09 13:57:46,475 [Worker-81] INFO  o.e.m.c.i.embedder.EclipseLogger - Using 'UTF-8' encoding to copy filtered resources.
2019-12-09 13:57:46,475 [Worker-81] INFO  o.e.m.c.i.embedder.EclipseLogger - Copying 1 resource
2019-12-09 13:57:46,475 [Worker-81] INFO  o.e.m.c.i.embedder.EclipseLogger - Copying 1 resource
2019-12-09 13:57:46,475 [Worker-81] INFO  o.e.m.c.i.embedder.EclipseLogger - Using 'UTF-8' encoding to copy filtered resources.
2019-12-09 13:57:46,475 [Worker-81] INFO  o.e.m.c.i.embedder.EclipseLogger - skip non existing resourceDirectory C:\Workspace\eng-docs\eng-config\src\test\resources
2019-12-09 14:00:20,307 [Worker-81] INFO  o.e.m.c.i.embedder.EclipseLogger - Using 'UTF-8' encoding to copy filtered resources.
2019-12-09 14:00:20,311 [Worker-81] INFO  o.e.m.c.i.embedder.EclipseLogger - Copying 1 resource
2019-12-09 14:00:20,312 [Worker-81] INFO  o.e.m.c.i.embedder.EclipseLogger - Copying 1 resource
2019-12-09 14:00:20,318 [Worker-81] INFO  o.e.m.c.i.embedder.EclipseLogger - Using 'UTF-8' encoding to copy filtered resources.
2019-12-09 14:00:20,318 [Worker-81] INFO  o.e.m.c.i.embedder.EclipseLogger - skip non existing resourceDirectory C:\Workspace\eng-docs\eng-config\src\test\resources
2019-12-09 14:39:46,619 [Worker-91] INFO  o.e.m.c.i.embedder.EclipseLogger - Using 'UTF-8' encoding to copy filtered resources.
2019-12-09 14:39:46,620 [Worker-91] INFO  o.e.m.c.i.embedder.EclipseLogger - Copying 1 resource
2019-12-09 14:39:46,621 [Worker-91] INFO  o.e.m.c.i.embedder.EclipseLogger - Copying 1 resource
2019-12-09 14:39:46,622 [Worker-91] INFO  o.e.m.c.i.embedder.EclipseLogger - Using 'UTF-8' encoding to copy filtered resources.
2019-12-09 14:39:46,622 [Worker-91] INFO  o.e.m.c.i.embedder.EclipseLogger - skip non existing resourceDirectory C:\Workspace\eng-docs\eng-config\src\test\resources
2019-12-09 14:48:06,264 [Worker-103] INFO  o.e.m.c.i.embedder.EclipseLogger - Using 'UTF-8' encoding to copy filtered resources.
2019-12-09 14:48:06,265 [Worker-103] INFO  o.e.m.c.i.embedder.EclipseLogger - Copying 1 resource
2019-12-09 14:48:06,266 [Worker-103] INFO  o.e.m.c.i.embedder.EclipseLogger - Copying 1 resource
2019-12-09 14:48:06,269 [Worker-103] INFO  o.e.m.c.i.embedder.EclipseLogger - Using 'UTF-8' encoding to copy filtered resources.
2019-12-09 14:48:06,269 [Worker-103] INFO  o.e.m.c.i.embedder.EclipseLogger - skip non existing resourceDirectory C:\Workspace\eng-docs\eng-config\src\test\resources
2019-12-09 14:48:34,702 [Worker-100] INFO  o.e.m.c.i.embedder.EclipseLogger - Using 'UTF-8' encoding to copy filtered resources.
2019-12-09 14:48:34,703 [Worker-100] INFO  o.e.m.c.i.embedder.EclipseLogger - Copying 1 resource
2019-12-09 14:48:34,704 [Worker-100] INFO  o.e.m.c.i.embedder.EclipseLogger - Copying 1 resource
2019-12-09 14:48:34,705 [Worker-100] INFO  o.e.m.c.i.embedder.EclipseLogger - Using 'UTF-8' encoding to copy filtered resources.
2019-12-09 14:48:34,705 [Worker-100] INFO  o.e.m.c.i.embedder.EclipseLogger - skip non existing resourceDirectory C:\Workspace\eng-docs\eng-config\src\test\resources
2019-12-09 14:51:27,060 [Worker-106] INFO  o.e.m.c.i.embedder.EclipseLogger - Using 'UTF-8' encoding to copy filtered resources.
2019-12-09 14:51:27,060 [Worker-106] INFO  o.e.m.c.i.embedder.EclipseLogger - Copying 1 resource
2019-12-09 14:51:27,060 [Worker-106] INFO  o.e.m.c.i.embedder.EclipseLogger - Copying 1 resource
2019-12-09 14:51:27,060 [Worker-106] INFO  o.e.m.c.i.embedder.EclipseLogger - Using 'UTF-8' encoding to copy filtered resources.
2019-12-09 14:51:27,060 [Worker-106] INFO  o.e.m.c.i.embedder.EclipseLogger - skip non existing resourceDirectory C:\Workspace\eng-docs\eng-config\src\test\resources
2019-12-09 14:52:16,892 [Worker-107] INFO  o.e.m.c.i.embedder.EclipseLogger - Using 'UTF-8' encoding to copy filtered resources.
2019-12-09 14:52:16,892 [Worker-107] INFO  o.e.m.c.i.embedder.EclipseLogger - Copying 1 resource
2019-12-09 14:52:16,892 [Worker-107] INFO  o.e.m.c.i.embedder.EclipseLogger - Copying 1 resource
2019-12-09 14:52:16,892 [Worker-107] INFO  o.e.m.c.i.embedder.EclipseLogger - Using 'UTF-8' encoding to copy filtered resources.
2019-12-09 14:52:16,892 [Worker-107] INFO  o.e.m.c.i.embedder.EclipseLogger - skip non existing resourceDirectory C:\Workspace\eng-docs\eng-config\src\test\resources
2019-12-09 14:54:03,116 [Worker-105] INFO  o.e.m.c.i.embedder.EclipseLogger - Using 'UTF-8' encoding to copy filtered resources.
2019-12-09 14:54:03,117 [Worker-105] INFO  o.e.m.c.i.embedder.EclipseLogger - Copying 1 resource
2019-12-09 14:54:03,118 [Worker-105] INFO  o.e.m.c.i.embedder.EclipseLogger - Copying 1 resource
2019-12-09 14:54:03,120 [Worker-105] INFO  o.e.m.c.i.embedder.EclipseLogger - Using 'UTF-8' encoding to copy filtered resources.
2019-12-09 14:54:03,120 [Worker-105] INFO  o.e.m.c.i.embedder.EclipseLogger - skip non existing resourceDirectory C:\Workspace\eng-docs\eng-config\src\test\resources
2019-12-09 14:55:36,237 [Worker-111] INFO  o.e.m.c.i.embedder.EclipseLogger - Using 'UTF-8' encoding to copy filtered resources.
2019-12-09 14:55:36,237 [Worker-111] INFO  o.e.m.c.i.embedder.EclipseLogger - Copying 1 resource
2019-12-09 14:55:36,238 [Worker-111] INFO  o.e.m.c.i.embedder.EclipseLogger - Copying 1 resource
2019-12-09 14:55:36,240 [Worker-111] INFO  o.e.m.c.i.embedder.EclipseLogger - Using 'UTF-8' encoding to copy filtered resources.
2019-12-09 14:55:36,240 [Worker-111] INFO  o.e.m.c.i.embedder.EclipseLogger - skip non existing resourceDirectory C:\Workspace\eng-docs\eng-config\src\test\resources
